TN:
SF:src-electron/main.ts
FN:42,createWindow
FN:64,(anonymous_1)
FN:81,(anonymous_2)
FN:89,createMenu
FN:97,(anonymous_4)
FN:107,(anonymous_5)
FN:117,(anonymous_6)
FN:128,(anonymous_7)
FN:139,(anonymous_8)
FN:154,(anonymous_9)
FN:165,(anonymous_10)
FN:174,(anonymous_11)
FN:184,(anonymous_12)
FN:210,registerIpcHandlers
FN:236,(anonymous_14)
FN:240,(anonymous_15)
FN:244,(anonymous_16)
FN:248,(anonymous_17)
FN:253,(anonymous_18)
FN:267,setupContentSecurityPolicy
FN:271,(anonymous_20)
FN:332,setupCspViolationReporter
FN:335,(anonymous_22)
FN:336,(anonymous_23)
FN:370,(anonymous_24)
FN:407,(anonymous_25)
FN:425,(anonymous_26)
FN:431,(anonymous_27)
FN:432,(anonymous_28)
FN:446,(anonymous_29)
FN:465,(anonymous_30)
FN:473,(anonymous_31)
FN:482,(anonymous_32)
FN:493,(anonymous_33)
FN:498,(anonymous_34)
FNF:35
FNH:33
FNDA:22,createWindow
FNDA:22,(anonymous_1)
FNDA:1,(anonymous_2)
FNDA:21,createMenu
FNDA:2,(anonymous_4)
FNDA:0,(anonymous_5)
FNDA:2,(anonymous_6)
FNDA:2,(anonymous_7)
FNDA:4,(anonymous_8)
FNDA:1,(anonymous_9)
FNDA:3,(anonymous_10)
FNDA:3,(anonymous_11)
FNDA:1,(anonymous_12)
FNDA:31,registerIpcHandlers
FNDA:1,(anonymous_14)
FNDA:1,(anonymous_15)
FNDA:1,(anonymous_16)
FNDA:1,(anonymous_17)
FNDA:0,(anonymous_18)
FNDA:34,setupContentSecurityPolicy
FNDA:2,(anonymous_20)
FNDA:35,setupCspViolationReporter
FNDA:3,(anonymous_22)
FNDA:3,(anonymous_23)
FNDA:1,(anonymous_24)
FNDA:3,(anonymous_25)
FNDA:5,(anonymous_26)
FNDA:3,(anonymous_27)
FNDA:3,(anonymous_28)
FNDA:31,(anonymous_29)
FNDA:1,(anonymous_30)
FNDA:2,(anonymous_31)
FNDA:1,(anonymous_32)
FNDA:3,(anonymous_33)
FNDA:3,(anonymous_34)
DA:4,31
DA:16,31
DA:17,31
DA:23,31
DA:25,31
DA:26,31
DA:28,31
DA:37,31
DA:43,22
DA:64,22
DA:65,22
DA:68,22
DA:69,21
DA:72,1
DA:74,1
DA:78,22
DA:81,22
DA:82,1
DA:90,21
DA:99,2
DA:100,2
DA:109,0
DA:110,0
DA:119,2
DA:120,2
DA:130,2
DA:131,2
DA:141,4
DA:142,4
DA:143,1
DA:145,3
DA:155,1
DA:167,3
DA:168,3
DA:176,3
DA:177,3
DA:187,1
DA:200,21
DA:201,21
DA:212,31
DA:215,31
DA:218,31
DA:221,31
DA:224,31
DA:227,31
DA:230,31
DA:233,31
DA:236,31
DA:237,1
DA:240,31
DA:241,1
DA:244,31
DA:245,1
DA:248,31
DA:249,1
DA:253,31
DA:254,0
DA:255,0
DA:269,34
DA:271,34
DA:273,2
DA:287,2
DA:296,2
DA:297,1
DA:305,2
DA:307,2
DA:309,2
DA:311,2
DA:319,34
DA:333,35
DA:335,35
DA:336,3
DA:338,3
DA:343,3
DA:351,3
DA:352,2
DA:364,2
DA:371,1
DA:378,35
DA:389,31
DA:391,1
DA:392,1
DA:398,30
DA:401,31
DA:407,31
DA:408,3
DA:409,3
DA:411,3
DA:412,2
DA:413,2
DA:415,1
DA:423,31
DA:424,5
DA:425,5
DA:427,5
DA:428,4
DA:431,4
DA:432,3
DA:433,3
DA:434,2
DA:446,31
DA:448,31
DA:451,31
DA:454,31
DA:457,31
DA:460,31
DA:462,31
DA:465,31
DA:466,1
DA:467,1
DA:473,31
DA:474,2
DA:475,1
DA:476,1
DA:478,2
DA:479,2
DA:482,31
DA:483,1
DA:487,31
DA:489,31
DA:490,1
DA:491,1
DA:493,30
DA:494,3
DA:497,3
DA:498,3
DA:501,3
DA:502,1
DA:503,1
DA:504,1
DA:509,3
DA:510,2
DA:511,1
DA:513,2
LF:134
LH:130
BRDA:99,0,0,2
BRDA:99,0,1,0
BRDA:109,1,0,0
BRDA:109,1,1,0
BRDA:119,2,0,2
BRDA:119,2,1,0
BRDA:130,3,0,2
BRDA:130,3,1,0
BRDA:141,4,0,4
BRDA:141,4,1,0
BRDA:142,5,0,1
BRDA:142,5,1,3
BRDA:167,6,0,3
BRDA:167,6,1,0
BRDA:176,7,0,3
BRDA:176,7,1,0
BRDA:269,8,0,34
BRDA:269,8,1,32
BRDA:296,9,0,1
BRDA:296,9,1,1
BRDA:309,10,0,1
BRDA:309,10,1,1
BRDA:333,11,0,35
BRDA:333,11,1,31
BRDA:338,12,0,3
BRDA:338,12,1,0
BRDA:339,13,0,3
BRDA:339,13,1,0
BRDA:339,13,2,0
BRDA:351,14,0,2
BRDA:351,14,1,1
BRDA:380,15,0,4
BRDA:380,15,1,31
BRDA:389,16,0,1
BRDA:389,16,1,30
BRDA:391,17,0,1
BRDA:391,17,1,0
BRDA:411,18,0,2
BRDA:411,18,1,1
BRDA:423,19,0,5
BRDA:423,19,1,26
BRDA:427,20,0,4
BRDA:427,20,1,1
BRDA:433,21,0,2
BRDA:433,21,1,1
BRDA:466,22,0,1
BRDA:466,22,1,0
BRDA:474,23,0,1
BRDA:474,23,1,1
BRDA:489,24,0,1
BRDA:489,24,1,30
BRDA:497,25,0,1
BRDA:497,25,1,2
BRDA:501,26,0,1
BRDA:501,26,1,2
BRDA:503,27,0,1
BRDA:503,27,1,0
BRDA:509,28,0,2
BRDA:509,28,1,1
BRDA:510,29,0,1
BRDA:510,29,1,1
BRF:61
BRH:47
end_of_record
TN:
SF:src-electron/preload.ts
FN:533,(anonymous_0)
FN:535,(anonymous_1)
FN:538,(anonymous_2)
FN:541,(anonymous_3)
FN:543,(anonymous_4)
FN:545,(anonymous_5)
FN:547,(anonymous_6)
FN:549,(anonymous_7)
FN:552,(anonymous_8)
FN:555,(anonymous_9)
FN:562,(anonymous_10)
FN:567,(anonymous_11)
FN:570,(anonymous_12)
FN:577,(anonymous_13)
FN:587,(anonymous_14)
FN:591,(anonymous_15)
FN:594,(anonymous_16)
FN:595,(anonymous_17)
FN:599,(anonymous_18)
FN:604,(anonymous_19)
FN:607,(anonymous_20)
FN:610,(anonymous_21)
FN:614,(anonymous_22)
FN:618,(anonymous_23)
FN:622,(anonymous_24)
FN:623,(anonymous_25)
FN:630,(anonymous_26)
FN:640,(anonymous_27)
FN:642,(anonymous_28)
FN:644,(anonymous_29)
FN:646,(anonymous_30)
FN:649,(anonymous_31)
FN:651,(anonymous_32)
FN:653,(anonymous_33)
FN:655,(anonymous_34)
FN:662,(anonymous_35)
FN:663,(anonymous_36)
FN:664,(anonymous_37)
FN:671,(anonymous_38)
FN:674,(anonymous_39)
FN:676,(anonymous_40)
FN:679,(anonymous_41)
FN:682,(anonymous_42)
FN:685,(anonymous_43)
FN:687,(anonymous_44)
FN:689,(anonymous_45)
FN:695,(anonymous_46)
FN:697,(anonymous_47)
FN:700,(anonymous_48)
FN:701,(anonymous_49)
FN:705,(anonymous_50)
FN:710,(anonymous_51)
FN:711,(anonymous_52)
FN:714,(anonymous_53)
FN:719,(anonymous_54)
FN:720,(anonymous_55)
FN:723,(anonymous_56)
FN:728,(anonymous_57)
FN:729,(anonymous_58)
FN:733,(anonymous_59)
FN:738,(anonymous_60)
FN:741,(anonymous_61)
FN:747,(anonymous_62)
FN:752,(anonymous_63)
FN:758,(anonymous_64)
FN:761,(anonymous_65)
FN:768,(anonymous_66)
FN:778,(anonymous_67)
FN:781,(anonymous_68)
FN:787,(anonymous_69)
FN:790,(anonymous_70)
FN:793,(anonymous_71)
FN:796,(anonymous_72)
FN:801,(anonymous_73)
FN:806,(anonymous_74)
FN:815,(anonymous_75)
FN:826,(anonymous_76)
FN:836,(anonymous_77)
FN:837,(anonymous_78)
FN:838,(anonymous_79)
FN:846,(anonymous_80)
FN:848,(anonymous_81)
FN:850,(anonymous_82)
FN:852,(anonymous_83)
FN:861,(anonymous_84)
FN:868,(anonymous_85)
FN:870,(anonymous_86)
FN:873,(anonymous_87)
FN:876,(anonymous_88)
FN:879,(anonymous_89)
FN:882,(anonymous_90)
FN:884,(anonymous_91)
FN:887,(anonymous_92)
FN:894,(anonymous_93)
FN:904,(anonymous_94)
FN:906,(anonymous_95)
FN:908,(anonymous_96)
FN:911,(anonymous_97)
FN:916,(anonymous_98)
FN:919,(anonymous_99)
FN:922,(anonymous_100)
FN:923,(anonymous_101)
FN:926,(anonymous_102)
FN:931,(anonymous_103)
FN:932,(anonymous_104)
FN:935,(anonymous_105)
FN:940,(anonymous_106)
FN:941,(anonymous_107)
FN:944,(anonymous_108)
FN:955,(anonymous_109)
FN:956,(anonymous_110)
FN:960,(anonymous_111)
FNF:112
FNH:36
FNDA:1,(anonymous_0)
FNDA:1,(anonymous_1)
FNDA:1,(anonymous_2)
FNDA:1,(anonymous_3)
FNDA:1,(anonymous_4)
FNDA:1,(anonymous_5)
FNDA:1,(anonymous_6)
FNDA:1,(anonymous_7)
FNDA:0,(anonymous_8)
FNDA:0,(anonymous_9)
FNDA:0,(anonymous_10)
FNDA:0,(anonymous_11)
FNDA:0,(anonymous_12)
FNDA:0,(anonymous_13)
FNDA:0,(anonymous_14)
FNDA:0,(anonymous_15)
FNDA:0,(anonymous_16)
FNDA:0,(anonymous_17)
FNDA:0,(anonymous_18)
FNDA:0,(anonymous_19)
FNDA:0,(anonymous_20)
FNDA:0,(anonymous_21)
FNDA:0,(anonymous_22)
FNDA:0,(anonymous_23)
FNDA:0,(anonymous_24)
FNDA:0,(anonymous_25)
FNDA:0,(anonymous_26)
FNDA:1,(anonymous_27)
FNDA:1,(anonymous_28)
FNDA:1,(anonymous_29)
FNDA:1,(anonymous_30)
FNDA:1,(anonymous_31)
FNDA:1,(anonymous_32)
FNDA:1,(anonymous_33)
FNDA:1,(anonymous_34)
FNDA:0,(anonymous_35)
FNDA:0,(anonymous_36)
FNDA:0,(anonymous_37)
FNDA:1,(anonymous_38)
FNDA:1,(anonymous_39)
FNDA:1,(anonymous_40)
FNDA:1,(anonymous_41)
FNDA:0,(anonymous_42)
FNDA:0,(anonymous_43)
FNDA:1,(anonymous_44)
FNDA:0,(anonymous_45)
FNDA:0,(anonymous_46)
FNDA:0,(anonymous_47)
FNDA:1,(anonymous_48)
FNDA:0,(anonymous_49)
FNDA:1,(anonymous_50)
FNDA:1,(anonymous_51)
FNDA:0,(anonymous_52)
FNDA:1,(anonymous_53)
FNDA:1,(anonymous_54)
FNDA:0,(anonymous_55)
FNDA:1,(anonymous_56)
FNDA:0,(anonymous_57)
FNDA:0,(anonymous_58)
FNDA:0,(anonymous_59)
FNDA:0,(anonymous_60)
FNDA:0,(anonymous_61)
FNDA:0,(anonymous_62)
FNDA:0,(anonymous_63)
FNDA:0,(anonymous_64)
FNDA:0,(anonymous_65)
FNDA:0,(anonymous_66)
FNDA:0,(anonymous_67)
FNDA:0,(anonymous_68)
FNDA:0,(anonymous_69)
FNDA:0,(anonymous_70)
FNDA:0,(anonymous_71)
FNDA:0,(anonymous_72)
FNDA:0,(anonymous_73)
FNDA:0,(anonymous_74)
FNDA:0,(anonymous_75)
FNDA:0,(anonymous_76)
FNDA:1,(anonymous_77)
FNDA:1,(anonymous_78)
FNDA:1,(anonymous_79)
FNDA:1,(anonymous_80)
FNDA:1,(anonymous_81)
FNDA:1,(anonymous_82)
FNDA:1,(anonymous_83)
FNDA:0,(anonymous_84)
FNDA:0,(anonymous_85)
FNDA:0,(anonymous_86)
FNDA:0,(anonymous_87)
FNDA:0,(anonymous_88)
FNDA:0,(anonymous_89)
FNDA:0,(anonymous_90)
FNDA:0,(anonymous_91)
FNDA:0,(anonymous_92)
FNDA:0,(anonymous_93)
FNDA:0,(anonymous_94)
FNDA:0,(anonymous_95)
FNDA:0,(anonymous_96)
FNDA:0,(anonymous_97)
FNDA:0,(anonymous_98)
FNDA:0,(anonymous_99)
FNDA:0,(anonymous_100)
FNDA:0,(anonymous_101)
FNDA:0,(anonymous_102)
FNDA:0,(anonymous_103)
FNDA:0,(anonymous_104)
FNDA:0,(anonymous_105)
FNDA:0,(anonymous_106)
FNDA:0,(anonymous_107)
FNDA:0,(anonymous_108)
FNDA:1,(anonymous_109)
FNDA:0,(anonymous_110)
FNDA:1,(anonymous_111)
DA:528,2
DA:533,1
DA:536,1
DA:539,1
DA:541,1
DA:543,1
DA:545,1
DA:547,1
DA:549,1
DA:555,0
DA:558,0
DA:559,0
DA:562,0
DA:563,0
DA:570,0
DA:573,0
DA:574,0
DA:577,0
DA:578,0
DA:588,0
DA:591,0
DA:595,0
DA:600,0
DA:604,0
DA:607,0
DA:611,0
DA:615,0
DA:619,0
DA:623,0
DA:626,0
DA:627,0
DA:630,0
DA:631,0
DA:640,1
DA:642,1
DA:644,1
DA:647,1
DA:649,1
DA:651,1
DA:653,1
DA:655,1
DA:662,0
DA:663,0
DA:664,0
DA:672,1
DA:674,1
DA:677,1
DA:680,1
DA:683,0
DA:685,0
DA:687,1
DA:693,0
DA:695,0
DA:697,0
DA:701,1
DA:702,1
DA:705,1
DA:706,1
DA:711,1
DA:712,1
DA:714,1
DA:715,1
DA:720,1
DA:721,1
DA:723,1
DA:724,1
DA:729,0
DA:730,0
DA:731,0
DA:733,0
DA:734,0
DA:741,0
DA:744,0
DA:745,0
DA:747,0
DA:748,0
DA:756,0
DA:759,0
DA:766,0
DA:776,0
DA:779,0
DA:785,0
DA:788,0
DA:791,0
DA:796,0
DA:799,0
DA:800,0
DA:801,0
DA:802,0
DA:815,0
DA:824,0
DA:825,0
DA:826,0
DA:827,0
DA:836,1
DA:837,1
DA:838,1
DA:847,1
DA:849,1
DA:851,1
DA:853,1
DA:866,0
DA:868,0
DA:871,0
DA:874,0
DA:877,0
DA:880,0
DA:882,0
DA:887,0
DA:890,0
DA:891,0
DA:894,0
DA:895,0
DA:904,0
DA:906,0
DA:909,0
DA:914,0
DA:917,0
DA:919,0
DA:923,0
DA:924,0
DA:926,0
DA:927,0
DA:932,0
DA:933,0
DA:935,0
DA:936,0
DA:941,0
DA:942,0
DA:944,0
DA:945,0
DA:956,1
DA:957,1
DA:960,1
DA:961,1
LF:135
LH:45
BRF:0
BRH:0
end_of_record
TN:
SF:src-electron/ipc-handlers/auth-handler.ts
FN:20,handleOAuthCallback
FN:74,(anonymous_1)
FN:91,(anonymous_2)
FN:124,registerAuthHandlers
FN:131,(anonymous_4)
FN:157,(anonymous_5)
FN:180,(anonymous_6)
FN:203,(anonymous_7)
FN:219,(anonymous_8)
FN:227,(anonymous_9)
FN:235,(anonymous_10)
FN:252,(anonymous_11)
FN:272,unregisterAuthHandlers
FN:288,getAuthService
FNF:14
FNH:13
FNDA:14,handleOAuthCallback
FNDA:4,(anonymous_1)
FNDA:3,(anonymous_2)
FNDA:24,registerAuthHandlers
FNDA:3,(anonymous_4)
FNDA:3,(anonymous_5)
FNDA:2,(anonymous_6)
FNDA:1,(anonymous_7)
FNDA:1,(anonymous_8)
FNDA:1,(anonymous_9)
FNDA:2,(anonymous_10)
FNDA:2,(anonymous_11)
FNDA:11,unregisterAuthHandlers
FNDA:0,getAuthService
DA:11,32
DA:21,14
DA:22,14
DA:23,14
DA:25,14
DA:27,14
DA:28,14
DA:29,14
DA:30,14
DA:32,14
DA:35,14
DA:36,14
DA:37,3
DA:38,3
DA:41,3
DA:42,2
DA:47,3
DA:51,8
DA:54,8
DA:56,14
DA:57,0
DA:58,0
DA:59,0
DA:60,0
DA:65,0
DA:68,8
DA:69,8
DA:72,8
DA:75,4
DA:76,4
DA:77,4
DA:78,4
DA:81,4
DA:82,2
DA:86,2
DA:88,2
DA:92,3
DA:93,3
DA:94,3
DA:96,3
DA:98,3
DA:99,3
DA:103,3
DA:107,4
DA:108,4
DA:110,4
DA:111,3
DA:115,3
DA:118,11
DA:126,24
DA:131,24
DA:132,3
DA:134,3
DA:135,3
DA:139,2
DA:144,2
DA:145,2
DA:147,1
DA:150,1
DA:157,24
DA:158,3
DA:160,3
DA:161,3
DA:164,2
DA:170,1
DA:173,1
DA:180,24
DA:181,2
DA:183,2
DA:184,2
DA:187,1
DA:193,1
DA:196,1
DA:203,24
DA:204,1
DA:206,1
DA:209,1
DA:219,24
DA:220,1
DA:221,1
DA:227,24
DA:228,1
DA:229,1
DA:235,24
DA:236,2
DA:238,2
DA:239,2
DA:240,2
DA:242,1
DA:245,1
DA:252,24
DA:253,2
DA:255,2
DA:256,2
DA:258,1
DA:261,1
DA:265,24
DA:266,24
DA:273,11
DA:274,11
DA:275,11
DA:276,11
DA:277,11
DA:278,11
DA:279,11
DA:280,11
DA:282,11
DA:289,0
DA:290,0
DA:292,0
LF:110
LH:102
BRDA:36,0,0,3
BRDA:36,0,1,11
BRDA:37,1,0,3
BRDA:37,1,1,2
BRDA:41,2,0,2
BRDA:41,2,1,1
BRDA:54,3,0,8
BRDA:54,3,1,0
BRDA:56,4,0,0
BRDA:56,4,1,14
BRDA:59,5,0,0
BRDA:59,5,1,0
BRDA:81,6,0,2
BRDA:81,6,1,2
BRDA:93,7,0,2
BRDA:93,7,1,1
BRDA:94,8,0,2
BRDA:94,8,1,1
BRDA:96,9,0,3
BRDA:96,9,1,0
BRDA:98,10,0,2
BRDA:98,10,1,1
BRDA:108,11,0,4
BRDA:108,11,1,0
BRDA:110,12,0,3
BRDA:110,12,1,1
BRDA:148,13,0,1
BRDA:148,13,1,0
BRDA:171,14,0,1
BRDA:171,14,1,0
BRDA:194,15,0,1
BRDA:194,15,1,0
BRDA:243,16,0,1
BRDA:243,16,1,0
BRDA:259,17,0,1
BRDA:259,17,1,0
BRDA:289,18,0,0
BRDA:289,18,1,0
BRF:38
BRH:25
end_of_record
TN:
SF:src-electron/ipc-handlers/chat-handler.ts
FN:23,registerChatHandlers
FN:34,(anonymous_1)
FN:69,(anonymous_2)
FN:82,(anonymous_3)
FN:101,(anonymous_4)
FN:114,(anonymous_5)
FN:131,(anonymous_6)
FN:155,(anonymous_7)
FN:175,(anonymous_8)
FN:179,(anonymous_9)
FN:199,(anonymous_10)
FN:223,(anonymous_11)
FN:242,unregisterChatHandlers
FNF:13
FNH:8
FNDA:31,registerChatHandlers
FNDA:6,(anonymous_1)
FNDA:3,(anonymous_2)
FNDA:1,(anonymous_3)
FNDA:1,(anonymous_4)
FNDA:0,(anonymous_5)
FNDA:3,(anonymous_6)
FNDA:0,(anonymous_7)
FNDA:0,(anonymous_8)
FNDA:0,(anonymous_9)
FNDA:0,(anonymous_10)
FNDA:1,(anonymous_11)
FNDA:1,unregisterChatHandlers
DA:17,41
DA:18,41
DA:25,31
DA:26,1
DA:32,31
DA:39,6
DA:41,6
DA:43,6
DA:44,0
DA:45,0
DA:46,0
DA:47,0
DA:49,0
DA:53,6
DA:54,6
DA:55,6
DA:57,1
DA:58,1
DA:59,1
DA:67,31
DA:73,3
DA:75,3
DA:76,1
DA:77,1
DA:78,1
DA:81,2
DA:82,2
DA:84,1
DA:86,1
DA:87,1
DA:89,1
DA:90,1
DA:91,1
DA:99,31
DA:105,1
DA:107,1
DA:108,0
DA:109,0
DA:110,0
DA:113,1
DA:114,1
DA:116,0
DA:118,0
DA:119,0
DA:121,1
DA:122,1
DA:123,1
DA:131,31
DA:132,3
DA:134,3
DA:135,1
DA:136,1
DA:137,1
DA:140,2
DA:141,2
DA:142,2
DA:143,2
DA:145,1
DA:146,1
DA:153,31
DA:160,0
DA:162,0
DA:163,0
DA:164,0
DA:165,0
DA:168,0
DA:169,0
DA:170,0
DA:173,0
DA:177,0
DA:181,0
DA:184,0
DA:185,0
DA:187,0
DA:188,0
DA:189,0
DA:197,31
DA:200,0
DA:202,0
DA:203,0
DA:204,0
DA:205,0
DA:208,0
DA:209,0
DA:210,0
DA:211,0
DA:213,0
DA:214,0
DA:215,0
DA:223,31
DA:224,1
DA:226,1
DA:227,1
DA:228,1
DA:229,1
DA:231,0
DA:232,0
DA:236,31
DA:243,1
DA:244,1
DA:245,1
DA:246,1
DA:247,1
DA:248,1
DA:249,1
DA:252,1
DA:254,1
LF:107
LH:66
BRDA:25,0,0,1
BRDA:25,0,1,30
BRDA:43,1,0,0
BRDA:43,1,1,6
BRDA:58,2,0,1
BRDA:58,2,1,0
BRDA:75,3,0,1
BRDA:75,3,1,2
BRDA:90,4,0,1
BRDA:90,4,1,0
BRDA:107,5,0,0
BRDA:107,5,1,1
BRDA:122,6,0,1
BRDA:122,6,1,0
BRDA:134,7,0,1
BRDA:134,7,1,2
BRDA:162,8,0,0
BRDA:162,8,1,0
BRDA:169,9,0,0
BRDA:169,9,1,0
BRDA:188,10,0,0
BRDA:188,10,1,0
BRDA:202,11,0,0
BRDA:202,11,1,0
BRDA:214,12,0,0
BRDA:214,12,1,0
BRF:26
BRH:11
end_of_record
TN:
SF:src-electron/ipc-handlers/file-handler.ts
FN:18,registerFileHandlers
FN:33,handleFileUpload
FN:112,handleFileGet
FN:166,handleFileDelete
FN:215,handleFileValidate
FN:259,handleFilePreview
FN:370,handleFileDownload
FN:459,handleFileGetWithToken
FN:520,emitUploadProgress
FNF:9
FNH:8
FNDA:60,registerFileHandlers
FNDA:13,handleFileUpload
FNDA:6,handleFileGet
FNDA:6,handleFileDelete
FNDA:5,handleFileValidate
FNDA:6,handleFilePreview
FNDA:4,handleFileDownload
FNDA:7,handleFileGetWithToken
FNDA:0,emitUploadProgress
DA:19,60
DA:20,60
DA:21,60
DA:22,60
DA:23,60
DA:24,60
DA:25,60
DA:27,60
DA:42,13
DA:43,13
DA:45,13
DA:53,13
DA:54,3
DA:61,9
DA:63,9
DA:64,2
DA:71,2
DA:78,6
DA:81,6
DA:88,5
DA:95,5
DA:100,3
DA:102,3
DA:119,6
DA:120,6
DA:122,6
DA:125,6
DA:126,2
DA:133,4
DA:135,2
DA:136,1
DA:137,1
DA:143,1
DA:149,1
DA:154,2
DA:156,2
DA:173,6
DA:174,6
DA:176,6
DA:179,6
DA:180,2
DA:187,4
DA:189,2
DA:190,1
DA:191,1
DA:197,1
DA:199,1
DA:203,2
DA:205,2
DA:223,5
DA:224,5
DA:226,5
DA:229,5
DA:230,3
DA:237,2
DA:239,2
DA:245,2
DA:247,0
DA:249,0
DA:278,6
DA:279,6
DA:281,6
DA:284,6
DA:285,1
DA:292,5
DA:293,1
DA:295,1
DA:302,4
DA:304,4
DA:305,0
DA:312,4
DA:313,4
DA:316,6
DA:319,6
DA:320,1
DA:326,1
DA:333,3
DA:335,3
DA:342,3
DA:358,0
DA:360,0
DA:387,4
DA:388,4
DA:390,4
DA:393,4
DA:394,0
DA:401,4
DA:402,0
DA:404,0
DA:411,4
DA:413,4
DA:414,0
DA:421,4
DA:422,4
DA:425,4
DA:428,4
DA:430,4
DA:437,4
DA:447,0
DA:449,0
DA:471,7
DA:472,7
DA:474,7
DA:477,7
DA:478,1
DA:485,6
DA:487,6
DA:488,3
DA:489,3
DA:495,3
DA:500,3
DA:507,0
DA:509,0
DA:525,0
LF:114
LH:100
BRDA:53,0,0,3
BRDA:53,0,1,10
BRDA:53,1,0,13
BRDA:53,1,1,11
BRDA:53,1,2,11
BRDA:53,1,3,10
BRDA:63,2,0,2
BRDA:63,2,1,7
BRDA:73,3,0,2
BRDA:73,3,1,0
BRDA:104,4,0,3
BRDA:104,4,1,0
BRDA:125,5,0,2
BRDA:125,5,1,4
BRDA:125,6,0,6
BRDA:125,6,1,5
BRDA:135,7,0,1
BRDA:135,7,1,1
BRDA:158,8,0,2
BRDA:158,8,1,0
BRDA:179,9,0,2
BRDA:179,9,1,4
BRDA:179,10,0,6
BRDA:179,10,1,5
BRDA:189,11,0,1
BRDA:189,11,1,1
BRDA:207,12,0,2
BRDA:207,12,1,0
BRDA:229,13,0,3
BRDA:229,13,1,2
BRDA:229,14,0,5
BRDA:229,14,1,4
BRDA:229,14,2,3
BRDA:251,15,0,0
BRDA:251,15,1,0
BRDA:284,16,0,1
BRDA:284,16,1,5
BRDA:284,17,0,6
BRDA:284,17,1,6
BRDA:284,17,2,5
BRDA:292,18,0,1
BRDA:292,18,1,4
BRDA:304,19,0,0
BRDA:304,19,1,4
BRDA:313,20,0,4
BRDA:313,20,1,0
BRDA:319,21,0,1
BRDA:319,21,1,5
BRDA:362,22,0,0
BRDA:362,22,1,0
BRDA:393,23,0,0
BRDA:393,23,1,4
BRDA:393,24,0,4
BRDA:393,24,1,4
BRDA:393,24,2,4
BRDA:401,25,0,0
BRDA:401,25,1,4
BRDA:413,26,0,0
BRDA:413,26,1,4
BRDA:422,27,0,4
BRDA:422,27,1,0
BRDA:451,28,0,0
BRDA:451,28,1,0
BRDA:477,29,0,1
BRDA:477,29,1,6
BRDA:487,30,0,3
BRDA:487,30,1,3
BRDA:511,31,0,0
BRDA:511,31,1,0
BRF:69
BRH:51
end_of_record
TN:
SF:src-electron/ipc-handlers/models-handler.ts
FN:8,registerModelsHandlers
FN:12,(anonymous_1)
FN:16,(anonymous_2)
FN:20,(anonymous_3)
FN:27,(anonymous_4)
FN:31,(anonymous_5)
FN:35,(anonymous_6)
FN:42,unregisterModelsHandlers
FNF:8
FNH:5
FNDA:23,registerModelsHandlers
FNDA:1,(anonymous_1)
FNDA:1,(anonymous_2)
FNDA:1,(anonymous_3)
FNDA:0,(anonymous_4)
FNDA:0,(anonymous_5)
FNDA:0,(anonymous_6)
FNDA:2,unregisterModelsHandlers
DA:11,23
DA:12,23
DA:13,1
DA:16,23
DA:17,1
DA:20,23
DA:21,1
DA:23,0
DA:25,0
DA:29,0
DA:33,0
DA:39,23
DA:43,2
DA:44,2
DA:45,2
DA:46,2
LF:16
LH:12
BRDA:11,0,0,23
BRDA:11,0,1,0
BRDA:23,1,0,0
BRDA:23,1,1,0
BRF:4
BRH:1
end_of_record
TN:
SF:src-electron/ipc-handlers/project-handler.ts
FN:12,toRendererProject
FN:28,broadcast
FN:35,registerProjectHandlers
FN:37,(anonymous_3)
FN:40,(anonymous_4)
FN:40,(anonymous_5)
FN:46,(anonymous_6)
FN:55,(anonymous_7)
FN:94,(anonymous_8)
FN:148,(anonymous_9)
FN:166,(anonymous_10)
FN:178,(anonymous_11)
FN:201,(anonymous_12)
FN:203,(anonymous_13)
FN:210,unregisterProjectHandlers
FNF:15
FNH:10
FNDA:6,toRendererProject
FNDA:5,broadcast
FNDA:42,registerProjectHandlers
FNDA:1,(anonymous_3)
FNDA:2,(anonymous_4)
FNDA:2,(anonymous_5)
FNDA:0,(anonymous_6)
FNDA:3,(anonymous_7)
FNDA:3,(anonymous_8)
FNDA:2,(anonymous_9)
FNDA:0,(anonymous_10)
FNDA:0,(anonymous_11)
FNDA:0,(anonymous_12)
FNDA:0,(anonymous_13)
FNDA:12,unregisterProjectHandlers
DA:10,32
DA:13,6
DA:15,6
DA:16,6
DA:29,5
DA:30,5
DA:31,0
DA:37,42
DA:38,1
DA:39,1
DA:40,2
DA:41,1
DA:42,1
DA:46,42
DA:47,0
DA:48,0
DA:49,0
DA:53,42
DA:64,3
DA:65,3
DA:67,3
DA:68,3
DA:69,0
DA:72,3
DA:73,1
DA:76,2
DA:82,3
DA:83,3
DA:85,2
DA:86,2
DA:87,2
DA:92,42
DA:104,3
DA:105,3
DA:107,3
DA:108,3
DA:109,0
DA:112,3
DA:113,1
DA:116,2
DA:117,2
DA:118,2
DA:119,2
DA:120,2
DA:122,2
DA:123,2
DA:124,2
DA:125,2
DA:127,2
DA:128,2
DA:133,1
DA:140,2
DA:141,2
DA:146,42
DA:149,2
DA:150,2
DA:152,2
DA:153,2
DA:154,0
DA:157,2
DA:158,2
DA:159,1
DA:163,1
DA:165,0
DA:166,0
DA:168,0
DA:169,0
DA:171,0
DA:177,1
DA:178,1
DA:180,1
DA:181,0
DA:182,0
DA:183,0
DA:185,1
DA:191,1
DA:192,1
DA:193,1
DA:195,1
DA:196,1
DA:201,42
DA:202,0
DA:203,0
DA:204,0
DA:207,42
DA:211,12
DA:212,12
DA:213,12
DA:214,12
DA:215,12
DA:216,12
DA:217,12
LF:92
LH:74
BRDA:13,0,0,0
BRDA:13,0,1,6
BRDA:22,1,0,0
BRDA:22,1,1,6
BRDA:23,2,0,0
BRDA:23,2,1,6
BRDA:24,3,0,6
BRDA:24,3,1,0
BRDA:68,4,0,0
BRDA:68,4,1,3
BRDA:72,5,0,1
BRDA:72,5,1,2
BRDA:72,6,0,3
BRDA:72,6,1,2
BRDA:83,7,0,0
BRDA:83,7,1,3
BRDA:108,8,0,0
BRDA:108,8,1,3
BRDA:112,9,0,1
BRDA:112,9,1,2
BRDA:112,10,0,3
BRDA:112,10,1,2
BRDA:117,11,0,1
BRDA:117,11,1,1
BRDA:118,12,0,0
BRDA:118,12,1,2
BRDA:119,13,0,0
BRDA:119,13,1,2
BRDA:120,14,0,1
BRDA:120,14,1,1
BRDA:125,15,0,0
BRDA:125,15,1,2
BRDA:128,16,0,1
BRDA:128,16,1,1
BRDA:129,17,0,2
BRDA:129,17,1,2
BRDA:129,17,2,1
BRDA:153,18,0,0
BRDA:153,18,1,2
BRDA:158,19,0,1
BRDA:158,19,1,1
BRDA:163,20,0,0
BRDA:163,20,1,1
BRDA:192,21,0,1
BRDA:192,21,1,0
BRF:45
BRH:32
end_of_record
TN:
SF:src-electron/ipc-handlers/settings-handler.ts
FN:20,registerSettingsHandlers
FN:33,(anonymous_1)
FN:41,(anonymous_2)
FN:42,(anonymous_3)
FN:43,(anonymous_4)
FN:44,(anonymous_5)
FN:45,(anonymous_6)
FN:46,(anonymous_7)
FN:47,(anonymous_8)
FN:48,(anonymous_9)
FN:55,(anonymous_10)
FN:63,(anonymous_11)
FN:73,(anonymous_12)
FN:85,(anonymous_13)
FN:95,(anonymous_14)
FN:104,(anonymous_15)
FN:112,(anonymous_16)
FN:120,(anonymous_17)
FN:132,getSettingsService
FN:142,unregisterSettingsHandlers
FNF:20
FNH:11
FNDA:7,registerSettingsHandlers
FNDA:0,(anonymous_1)
FNDA:0,(anonymous_2)
FNDA:0,(anonymous_3)
FNDA:0,(anonymous_4)
FNDA:0,(anonymous_5)
FNDA:0,(anonymous_6)
FNDA:0,(anonymous_7)
FNDA:0,(anonymous_8)
FNDA:0,(anonymous_9)
FNDA:1,(anonymous_10)
FNDA:1,(anonymous_11)
FNDA:1,(anonymous_12)
FNDA:1,(anonymous_13)
FNDA:1,(anonymous_14)
FNDA:1,(anonymous_15)
FNDA:1,(anonymous_16)
FNDA:1,(anonymous_17)
FNDA:2,getSettingsService
FNDA:6,unregisterSettingsHandlers
DA:13,31
DA:24,7
DA:25,7
DA:27,1
DA:32,1
DA:34,0
DA:41,0
DA:45,0
DA:46,0
DA:47,0
DA:48,0
DA:55,7
DA:56,1
DA:57,1
DA:63,7
DA:64,1
DA:65,1
DA:71,7
DA:74,1
DA:75,1
DA:76,1
DA:83,7
DA:86,1
DA:87,1
DA:88,1
DA:95,7
DA:96,1
DA:97,1
DA:98,1
DA:104,7
DA:105,1
DA:106,1
DA:112,7
DA:113,1
DA:114,1
DA:120,7
DA:121,1
DA:122,1
DA:125,7
DA:133,2
DA:134,1
DA:136,2
DA:143,6
DA:144,6
DA:145,6
DA:146,6
DA:147,6
DA:148,6
DA:149,6
DA:150,6
DA:152,6
LF:51
LH:45
BRDA:133,0,0,1
BRDA:133,0,1,1
BRF:2
BRH:2
end_of_record
TN:
SF:src-electron/ipc-handlers/system-handler.ts
FN:15,registerSystemHandlers
FN:19,(anonymous_1)
FN:27,(anonymous_2)
FN:37,(anonymous_3)
FN:52,unregisterSystemHandlers
FNF:5
FNH:5
FNDA:5,registerSystemHandlers
FNDA:1,(anonymous_1)
FNDA:1,(anonymous_2)
FNDA:1,(anonymous_3)
FNDA:3,unregisterSystemHandlers
DA:10,3
DA:19,5
DA:20,1
DA:21,1
DA:27,5
DA:28,1
DA:29,1
DA:35,5
DA:41,1
DA:42,1
DA:46,5
DA:53,3
DA:54,3
DA:55,3
DA:56,3
LF:15
LH:15
BRF:0
BRH:0
end_of_record
TN:
SF:src-electron/ipc-handlers/thread-handler.ts
FN:25,toRendererThread
FN:32,(anonymous_1)
FN:45,broadcast
FN:46,(anonymous_3)
FN:54,generateId
FN:61,initializeSampleData
FN:160,(anonymous_6)
FN:173,registerThreadHandlers
FN:185,(anonymous_8)
FN:195,(anonymous_9)
FN:198,(anonymous_10)
FN:208,(anonymous_11)
FN:209,(anonymous_12)
FN:214,(anonymous_13)
FN:220,(anonymous_14)
FN:232,(anonymous_15)
FN:233,(anonymous_16)
FN:234,(anonymous_17)
FN:241,(anonymous_18)
FN:290,(anonymous_19)
FN:332,(anonymous_20)
FN:364,(anonymous_21)
FN:396,(anonymous_22)
FN:438,(anonymous_23)
FN:438,(anonymous_24)
FN:499,(anonymous_25)
FN:583,(anonymous_26)
FN:590,(anonymous_27)
FN:599,(anonymous_28)
FN:705,(anonymous_29)
FN:731,(anonymous_30)
FN:738,(anonymous_31)
FN:775,(anonymous_32)
FN:812,(anonymous_33)
FN:826,(anonymous_34)
FN:854,(anonymous_35)
FN:924,(anonymous_36)
FN:965,(anonymous_37)
FN:988,(anonymous_38)
FN:1033,unregisterThreadHandlers
FNF:40
FNH:26
FNDA:133,toRendererThread
FNDA:128,(anonymous_1)
FNDA:56,broadcast
FNDA:55,(anonymous_3)
FNDA:1,generateId
FNDA:27,initializeSampleData
FNDA:324,(anonymous_6)
FNDA:48,registerThreadHandlers
FNDA:7,(anonymous_8)
FNDA:14,(anonymous_9)
FNDA:60,(anonymous_10)
FNDA:74,(anonymous_11)
FNDA:74,(anonymous_12)
FNDA:2,(anonymous_13)
FNDA:0,(anonymous_14)
FNDA:0,(anonymous_15)
FNDA:0,(anonymous_16)
FNDA:0,(anonymous_17)
FNDA:0,(anonymous_18)
FNDA:0,(anonymous_19)
FNDA:25,(anonymous_20)
FNDA:3,(anonymous_21)
FNDA:24,(anonymous_22)
FNDA:274,(anonymous_23)
FNDA:253,(anonymous_24)
FNDA:12,(anonymous_25)
FNDA:3,(anonymous_26)
FNDA:0,(anonymous_27)
FNDA:0,(anonymous_28)
FNDA:1,(anonymous_29)
FNDA:2,(anonymous_30)
FNDA:0,(anonymous_31)
FNDA:2,(anonymous_32)
FNDA:2,(anonymous_33)
FNDA:0,(anonymous_34)
FNDA:0,(anonymous_35)
FNDA:0,(anonymous_36)
FNDA:0,(anonymous_37)
FNDA:0,(anonymous_38)
FNDA:61,unregisterThreadHandlers
DA:19,18
DA:26,133
DA:27,128
DA:33,128
DA:34,128
DA:35,2
DA:37,126
DA:46,56
DA:47,55
DA:55,1
DA:62,27
DA:63,27
DA:64,27
DA:66,27
DA:158,27
DA:160,27
DA:161,324
DA:166,324
DA:176,48
DA:177,48
DA:178,48
DA:183,48
DA:189,7
DA:190,7
DA:193,7
DA:195,14
DA:196,6
DA:198,5
DA:199,60
DA:200,60
DA:201,0
DA:203,0
DA:207,7
DA:208,74
DA:209,74
DA:210,7
DA:214,48
DA:215,2
DA:216,2
DA:220,48
DA:222,0
DA:223,0
DA:224,0
DA:225,0
DA:229,0
DA:230,0
DA:231,0
DA:232,0
DA:233,0
DA:234,0
DA:235,0
DA:239,48
DA:253,0
DA:256,0
DA:257,0
DA:265,0
DA:266,0
DA:267,0
DA:268,0
DA:276,0
DA:277,0
DA:278,0
DA:286,0
DA:288,0
DA:289,0
DA:290,0
DA:291,0
DA:292,0
DA:293,0
DA:298,0
DA:299,0
DA:301,0
DA:302,0
DA:308,0
DA:314,0
DA:315,0
DA:316,0
DA:323,0
DA:325,0
DA:330,48
DA:336,25
DA:337,25
DA:339,25
DA:346,25
DA:347,2
DA:348,2
DA:349,1
DA:353,24
DA:354,24
DA:355,24
DA:356,23
DA:357,23
DA:358,23
DA:362,48
DA:365,3
DA:366,3
DA:369,2
DA:370,3
DA:371,2
DA:372,2
DA:373,1
DA:374,1
DA:378,2
DA:386,3
DA:387,3
DA:388,2
DA:389,2
DA:394,48
DA:404,24
DA:407,24
DA:408,1
DA:415,23
DA:416,23
DA:417,23
DA:418,1
DA:426,22
DA:427,24
DA:428,1
DA:435,21
DA:437,21
DA:438,274
DA:441,21
DA:447,21
DA:448,3
DA:457,18
DA:458,24
DA:459,24
DA:461,24
DA:462,24
DA:465,18
DA:467,18
DA:469,18
DA:474,0
DA:475,0
DA:478,0
DA:479,0
DA:487,0
DA:497,48
DA:506,12
DA:509,12
DA:510,1
DA:517,11
DA:518,11
DA:519,11
DA:520,1
DA:528,10
DA:529,12
DA:530,1
DA:537,9
DA:539,9
DA:541,9
DA:542,9
DA:545,8
DA:547,8
DA:549,8
DA:554,1
DA:555,1
DA:558,1
DA:559,1
DA:567,0
DA:573,0
DA:574,0
DA:583,48
DA:584,3
DA:585,3
DA:586,3
DA:590,48
DA:591,0
DA:592,0
DA:593,0
DA:597,48
DA:616,0
DA:619,0
DA:620,0
DA:628,0
DA:629,0
DA:630,0
DA:631,0
DA:640,0
DA:641,0
DA:642,0
DA:648,0
DA:649,0
DA:650,0
DA:658,0
DA:659,0
DA:666,0
DA:667,0
DA:670,0
DA:671,0
DA:677,0
DA:688,0
DA:689,0
DA:690,0
DA:697,0
DA:703,48
DA:714,1
DA:715,1
DA:716,1
DA:717,1
DA:723,1
DA:724,1
DA:729,48
DA:733,2
DA:734,2
DA:736,2
DA:738,1
DA:739,1
DA:740,1
DA:742,1
DA:743,0
DA:744,0
DA:749,2
DA:750,2
DA:751,2
DA:752,2
DA:755,1
DA:756,0
DA:759,0
DA:762,1
DA:763,1
DA:773,48
DA:783,2
DA:784,2
DA:785,1
DA:786,1
DA:788,1
DA:789,0
DA:794,2
DA:795,2
DA:796,2
DA:799,1
DA:800,0
DA:803,0
DA:806,1
DA:812,2
DA:818,1
DA:819,1
DA:824,48
DA:831,0
DA:833,0
DA:834,0
DA:835,0
DA:836,0
DA:838,0
DA:840,0
DA:842,0
DA:844,0
DA:845,0
DA:846,0
DA:852,48
DA:860,0
DA:862,0
DA:863,0
DA:866,0
DA:867,0
DA:868,0
DA:871,0
DA:872,0
DA:873,0
DA:874,0
DA:877,0
DA:880,0
DA:881,0
DA:882,0
DA:883,0
DA:887,0
DA:888,0
DA:890,0
DA:893,0
DA:897,0
DA:898,0
DA:902,0
DA:903,0
DA:906,0
DA:907,0
DA:908,0
DA:910,0
DA:911,0
DA:917,0
DA:922,48
DA:933,0
DA:935,0
DA:936,0
DA:937,0
DA:938,0
DA:940,0
DA:942,0
DA:943,0
DA:949,0
DA:955,0
DA:956,0
DA:957,0
DA:963,48
DA:972,0
DA:974,0
DA:975,0
DA:976,0
DA:978,0
DA:979,0
DA:980,0
DA:986,48
DA:997,0
DA:999,0
DA:1000,0
DA:1005,0
DA:1006,0
DA:1008,0
DA:1010,0
DA:1011,0
DA:1017,0
DA:1023,0
DA:1024,0
DA:1025,0
DA:1030,48
DA:1034,61
DA:1035,61
DA:1036,61
DA:1037,61
DA:1038,61
DA:1039,61
DA:1040,61
DA:1041,61
DA:1042,61
DA:1043,61
DA:1044,61
DA:1045,61
LF:327
LH:174
BRDA:26,0,0,5
BRDA:26,0,1,128
BRDA:29,1,0,124
BRDA:29,1,1,4
BRDA:29,2,0,128
BRDA:29,2,1,124
BRDA:29,3,0,4
BRDA:29,3,1,0
BRDA:30,4,0,133
BRDA:30,4,1,17
BRDA:34,5,0,2
BRDA:34,5,1,126
BRDA:35,6,0,2
BRDA:35,6,1,0
BRDA:35,7,0,2
BRDA:35,7,1,2
BRDA:35,7,2,0
BRDA:178,8,0,26
BRDA:178,8,1,22
BRDA:178,9,0,48
BRDA:178,9,1,40
BRDA:193,10,0,1
BRDA:193,10,1,6
BRDA:196,11,0,5
BRDA:196,11,1,1
BRDA:200,12,0,60
BRDA:200,12,1,0
BRDA:203,13,0,0
BRDA:203,13,1,0
BRDA:223,14,0,0
BRDA:223,14,1,0
BRDA:223,15,0,0
BRDA:223,15,1,0
BRDA:225,16,0,0
BRDA:225,16,1,0
BRDA:225,17,0,0
BRDA:225,17,1,0
BRDA:230,18,0,0
BRDA:230,18,1,0
BRDA:256,19,0,0
BRDA:256,19,1,0
BRDA:267,20,0,0
BRDA:267,20,1,0
BRDA:276,21,0,0
BRDA:276,21,1,0
BRDA:277,22,0,0
BRDA:277,22,1,0
BRDA:277,23,0,0
BRDA:277,23,1,0
BRDA:277,23,2,0
BRDA:289,24,0,0
BRDA:289,24,1,0
BRDA:291,25,0,0
BRDA:291,25,1,0
BRDA:292,26,0,0
BRDA:292,26,1,0
BRDA:299,27,0,0
BRDA:299,27,1,0
BRDA:314,28,0,0
BRDA:314,28,1,0
BRDA:315,29,0,0
BRDA:315,29,1,0
BRDA:342,30,0,25
BRDA:342,30,1,0
BRDA:346,31,0,2
BRDA:346,31,1,23
BRDA:346,32,0,25
BRDA:346,32,1,3
BRDA:348,33,0,1
BRDA:348,33,1,1
BRDA:348,34,0,2
BRDA:348,34,1,2
BRDA:355,35,0,1
BRDA:355,35,1,23
BRDA:366,36,0,1
BRDA:366,36,1,2
BRDA:369,37,0,2
BRDA:369,37,1,2
BRDA:370,38,0,1
BRDA:370,38,1,2
BRDA:371,39,0,0
BRDA:371,39,1,2
BRDA:372,40,0,1
BRDA:372,40,1,1
BRDA:374,41,0,1
BRDA:374,41,1,0
BRDA:374,42,0,1
BRDA:374,42,1,1
BRDA:374,42,2,0
BRDA:380,43,0,1
BRDA:380,43,1,1
BRDA:387,44,0,0
BRDA:387,44,1,3
BRDA:407,45,0,1
BRDA:407,45,1,23
BRDA:417,46,0,1
BRDA:417,46,1,22
BRDA:426,47,0,22
BRDA:426,47,1,20
BRDA:427,48,0,1
BRDA:427,48,1,23
BRDA:427,49,0,24
BRDA:427,49,1,2
BRDA:427,49,2,2
BRDA:447,50,0,3
BRDA:447,50,1,18
BRDA:451,51,0,3
BRDA:451,51,1,0
BRDA:457,52,0,18
BRDA:457,52,1,0
BRDA:462,53,0,0
BRDA:462,53,1,24
BRDA:478,54,0,0
BRDA:478,54,1,0
BRDA:478,55,0,0
BRDA:478,55,1,0
BRDA:490,56,0,0
BRDA:490,56,1,0
BRDA:509,57,0,1
BRDA:509,57,1,11
BRDA:519,58,0,1
BRDA:519,58,1,10
BRDA:528,59,0,10
BRDA:528,59,1,8
BRDA:529,60,0,1
BRDA:529,60,1,11
BRDA:529,61,0,12
BRDA:529,61,1,2
BRDA:529,61,2,2
BRDA:542,62,0,0
BRDA:542,62,1,9
BRDA:554,63,0,1
BRDA:554,63,1,0
BRDA:558,64,0,1
BRDA:558,64,1,0
BRDA:570,65,0,0
BRDA:570,65,1,0
BRDA:577,66,0,0
BRDA:577,66,1,0
BRDA:585,67,0,1
BRDA:585,67,1,2
BRDA:592,68,0,0
BRDA:592,68,1,0
BRDA:619,69,0,0
BRDA:619,69,1,0
BRDA:630,70,0,0
BRDA:630,70,1,0
BRDA:640,71,0,0
BRDA:640,71,1,0
BRDA:642,72,0,0
BRDA:642,72,1,0
BRDA:642,73,0,0
BRDA:642,73,1,0
BRDA:648,74,0,0
BRDA:648,74,1,0
BRDA:649,75,0,0
BRDA:649,75,1,0
BRDA:649,76,0,0
BRDA:649,76,1,0
BRDA:649,76,2,0
BRDA:667,77,0,0
BRDA:667,77,1,0
BRDA:689,78,0,0
BRDA:689,78,1,0
BRDA:709,79,0,1
BRDA:716,80,0,0
BRDA:716,80,1,1
BRDA:736,81,0,1
BRDA:736,81,1,1
BRDA:738,82,0,1
BRDA:738,82,1,1
BRDA:739,83,0,1
BRDA:739,83,1,1
BRDA:740,84,0,1
BRDA:740,84,1,1
BRDA:742,85,0,0
BRDA:742,85,1,1
BRDA:752,86,0,1
BRDA:752,86,1,1
BRDA:755,87,0,0
BRDA:755,87,1,1
BRDA:755,88,0,1
BRDA:755,88,1,0
BRDA:780,89,0,2
BRDA:784,90,0,1
BRDA:784,90,1,1
BRDA:784,91,0,2
BRDA:784,91,1,0
BRDA:784,91,2,2
BRDA:785,92,0,1
BRDA:785,92,1,1
BRDA:788,93,0,0
BRDA:788,93,1,1
BRDA:796,94,0,1
BRDA:796,94,1,1
BRDA:799,95,0,0
BRDA:799,95,1,1
BRDA:799,96,0,1
BRDA:799,96,1,0
BRDA:836,97,0,0
BRDA:836,97,1,0
BRDA:838,98,0,0
BRDA:838,98,1,0
BRDA:862,99,0,0
BRDA:862,99,1,0
BRDA:867,100,0,0
BRDA:867,100,1,0
BRDA:872,101,0,0
BRDA:872,101,1,0
BRDA:873,102,0,0
BRDA:873,102,1,0
BRDA:873,103,0,0
BRDA:873,103,1,0
BRDA:873,103,2,0
BRDA:877,104,0,0
BRDA:877,104,1,0
BRDA:880,105,0,0
BRDA:880,105,1,0
BRDA:882,106,0,0
BRDA:882,106,1,0
BRDA:888,107,0,0
BRDA:888,107,1,0
BRDA:897,108,0,0
BRDA:897,108,1,0
BRDA:902,109,0,0
BRDA:902,109,1,0
BRDA:908,110,0,0
BRDA:908,110,1,0
BRDA:913,111,0,0
BRDA:913,111,1,0
BRDA:914,112,0,0
BRDA:914,112,1,0
BRDA:938,113,0,0
BRDA:938,113,1,0
BRDA:940,114,0,0
BRDA:940,114,1,0
BRDA:946,115,0,0
BRDA:946,115,1,0
BRDA:1006,116,0,0
BRDA:1006,116,1,0
BRDA:1008,117,0,0
BRDA:1008,117,1,0
BRF:242
BRH:108
end_of_record
TN:
SF:src-electron/repository/project-repository.ts
FN:11,(anonymous_0)
FN:15,(anonymous_1)
FN:35,(anonymous_2)
FN:40,(anonymous_3)
FN:42,(anonymous_4)
FN:43,(anonymous_5)
FN:44,(anonymous_6)
FN:47,(anonymous_7)
FN:69,(anonymous_8)
FN:75,(anonymous_9)
FN:86,(anonymous_10)
FN:91,(anonymous_11)
FN:106,(anonymous_12)
FN:115,(anonymous_13)
FN:127,(anonymous_14)
FNF:15
FNH:15
FNDA:73,(anonymous_0)
FNDA:34,(anonymous_1)
FNDA:10,(anonymous_2)
FNDA:10,(anonymous_3)
FNDA:13,(anonymous_4)
FNDA:10,(anonymous_5)
FNDA:6,(anonymous_6)
FNDA:8,(anonymous_7)
FNDA:2,(anonymous_8)
FNDA:5,(anonymous_9)
FNDA:36,(anonymous_10)
FNDA:58,(anonymous_11)
FNDA:155,(anonymous_12)
FNDA:82,(anonymous_13)
FNDA:73,(anonymous_14)
DA:1,49
DA:9,73
DA:12,73
DA:21,34
DA:30,34
DA:31,34
DA:32,34
DA:36,10
DA:37,10
DA:41,10
DA:42,13
DA:43,10
DA:44,6
DA:51,8
DA:52,8
DA:54,7
DA:55,7
DA:56,7
DA:57,2
DA:59,7
DA:60,1
DA:63,7
DA:64,7
DA:65,7
DA:66,7
DA:70,2
DA:71,2
DA:72,2
DA:76,5
DA:77,5
DA:79,4
DA:80,4
DA:81,4
DA:82,4
DA:83,4
DA:87,36
DA:88,36
DA:92,58
DA:107,155
DA:108,155
DA:109,155
DA:111,9
DA:116,82
DA:117,82
DA:118,82
DA:119,82
DA:121,82
DA:128,73
DA:129,73
DA:130,73
DA:132,64
DA:134,34
DA:135,34
DA:136,34
DA:137,73
DA:138,73
DA:139,32
DA:140,32
DA:141,32
DA:142,0
DA:143,32
DA:144,3
DA:146,32
DA:165,49
LF:64
LH:63
BRDA:25,0,0,2
BRDA:25,0,1,32
BRDA:28,1,0,34
BRDA:28,1,1,33
BRDA:37,2,0,7
BRDA:37,2,1,3
BRDA:52,3,0,1
BRDA:52,3,1,7
BRDA:54,4,0,3
BRDA:54,4,1,4
BRDA:55,5,0,1
BRDA:55,5,1,6
BRDA:56,6,0,2
BRDA:56,6,1,5
BRDA:59,7,0,1
BRDA:59,7,1,6
BRDA:71,8,0,1
BRDA:71,8,1,1
BRDA:77,9,0,1
BRDA:77,9,1,4
BRDA:97,10,0,58
BRDA:97,10,1,0
BRDA:99,11,0,58
BRDA:99,11,1,0
BRDA:100,12,0,58
BRDA:100,12,1,57
BRDA:101,13,0,4
BRDA:101,13,1,54
BRDA:102,14,0,58
BRDA:102,14,1,0
BRDA:118,15,0,0
BRDA:118,15,1,82
BRDA:130,16,0,9
BRDA:130,16,1,64
BRDA:132,17,0,30
BRDA:132,17,1,34
BRDA:136,18,0,34
BRDA:136,18,1,0
BRDA:139,19,0,0
BRDA:139,19,1,32
BRDA:139,20,0,32
BRDA:139,20,1,32
BRDA:141,21,0,0
BRDA:141,21,1,32
BRDA:143,22,0,3
BRDA:143,22,1,29
BRDA:150,23,0,3
BRDA:150,23,1,29
BRDA:152,24,0,0
BRDA:152,24,1,32
BRDA:152,25,0,32
BRDA:152,25,1,0
BRDA:154,26,0,0
BRDA:154,26,1,32
BRDA:154,27,0,32
BRDA:154,27,1,0
BRDA:156,28,0,32
BRDA:156,28,1,0
BRF:58
BRH:46
end_of_record
TN:
SF:src-electron/repository/thread-repository.ts
FN:65,generateId
FN:73,(anonymous_1)
FN:77,(anonymous_2)
FN:92,(anonymous_3)
FN:109,(anonymous_4)
FN:114,(anonymous_5)
FN:116,(anonymous_6)
FN:117,(anonymous_7)
FN:118,(anonymous_8)
FN:121,(anonymous_9)
FN:138,(anonymous_10)
FN:155,(anonymous_11)
FN:185,(anonymous_12)
FN:188,(anonymous_13)
FN:199,(anonymous_14)
FN:219,(anonymous_15)
FN:229,(anonymous_16)
FN:239,(anonymous_17)
FN:248,(anonymous_18)
FN:249,(anonymous_19)
FN:288,(anonymous_20)
FN:314,(anonymous_21)
FN:376,(anonymous_22)
FN:412,(anonymous_23)
FN:416,(anonymous_24)
FN:423,(anonymous_25)
FN:425,(anonymous_26)
FN:426,(anonymous_27)
FN:429,(anonymous_28)
FN:446,(anonymous_29)
FN:449,(anonymous_30)
FN:456,(anonymous_31)
FN:458,(anonymous_32)
FN:468,(anonymous_33)
FN:473,(anonymous_34)
FN:486,(anonymous_35)
FN:492,(anonymous_36)
FN:502,(anonymous_37)
FN:506,(anonymous_38)
FN:540,(anonymous_39)
FN:548,(anonymous_40)
FN:570,(anonymous_41)
FN:574,(anonymous_42)
FN:580,(anonymous_43)
FN:584,(anonymous_44)
FN:600,(anonymous_45)
FN:604,(anonymous_46)
FN:614,(anonymous_47)
FN:619,(anonymous_48)
FN:626,(anonymous_49)
FN:635,(anonymous_50)
FN:647,(anonymous_51)
FN:665,(anonymous_52)
FNF:53
FNH:32
FNDA:412,generateId
FNDA:89,(anonymous_1)
FNDA:394,(anonymous_2)
FNDA:4,(anonymous_3)
FNDA:61,(anonymous_4)
FNDA:68,(anonymous_5)
FNDA:561,(anonymous_6)
FNDA:561,(anonymous_7)
FNDA:744,(anonymous_8)
FNDA:19,(anonymous_9)
FNDA:0,(anonymous_10)
FNDA:0,(anonymous_11)
FNDA:0,(anonymous_12)
FNDA:0,(anonymous_13)
FNDA:6,(anonymous_14)
FNDA:8,(anonymous_15)
FNDA:6,(anonymous_16)
FNDA:0,(anonymous_17)
FNDA:0,(anonymous_18)
FNDA:0,(anonymous_19)
FNDA:3,(anonymous_20)
FNDA:53,(anonymous_21)
FNDA:23,(anonymous_22)
FNDA:0,(anonymous_23)
FNDA:4,(anonymous_24)
FNDA:1,(anonymous_25)
FNDA:2,(anonymous_26)
FNDA:1,(anonymous_27)
FNDA:3,(anonymous_28)
FNDA:2,(anonymous_29)
FNDA:1,(anonymous_30)
FNDA:4,(anonymous_31)
FNDA:0,(anonymous_32)
FNDA:0,(anonymous_33)
FNDA:0,(anonymous_34)
FNDA:97,(anonymous_35)
FNDA:324,(anonymous_36)
FNDA:0,(anonymous_37)
FNDA:0,(anonymous_38)
FNDA:0,(anonymous_39)
FNDA:0,(anonymous_40)
FNDA:0,(anonymous_41)
FNDA:0,(anonymous_42)
FNDA:0,(anonymous_43)
FNDA:0,(anonymous_44)
FNDA:0,(anonymous_45)
FNDA:0,(anonymous_46)
FNDA:1411,(anonymous_47)
FNDA:43,(anonymous_48)
FNDA:997,(anonymous_49)
FNDA:908,(anonymous_50)
FNDA:89,(anonymous_51)
FNDA:43,(anonymous_52)
DA:1,42
DA:66,412
DA:70,89
DA:71,89
DA:74,89
DA:78,394
DA:79,394
DA:87,394
DA:88,394
DA:89,394
DA:93,4
DA:94,4
DA:95,4
DA:104,4
DA:105,4
DA:106,4
DA:110,61
DA:111,61
DA:115,68
DA:116,561
DA:117,561
DA:118,744
DA:122,19
DA:123,19
DA:124,18
DA:131,18
DA:132,18
DA:133,18
DA:134,18
DA:135,18
DA:147,0
DA:148,0
DA:149,0
DA:150,0
DA:151,0
DA:152,0
DA:153,0
DA:154,0
DA:155,0
DA:156,0
DA:159,0
DA:169,0
DA:170,0
DA:171,0
DA:172,0
DA:173,0
DA:174,0
DA:175,0
DA:177,0
DA:178,0
DA:186,0
DA:187,0
DA:188,0
DA:189,0
DA:190,0
DA:192,0
DA:204,6
DA:205,6
DA:206,5
DA:211,5
DA:213,6
DA:214,6
DA:215,6
DA:216,6
DA:220,8
DA:221,8
DA:222,7
DA:223,4
DA:224,4
DA:225,4
DA:229,7
DA:230,7
DA:231,7
DA:233,8
DA:238,8
DA:239,0
DA:240,0
DA:244,0
DA:245,0
DA:247,0
DA:248,0
DA:249,0
DA:252,0
DA:253,0
DA:255,0
DA:261,0
DA:262,0
DA:263,0
DA:264,0
DA:267,0
DA:269,0
DA:273,0
DA:277,0
DA:280,7
DA:285,7
DA:289,3
DA:290,3
DA:291,2
DA:293,2
DA:294,2
DA:296,0
DA:299,2
DA:300,2
DA:301,2
DA:302,2
DA:303,2
DA:315,53
DA:316,53
DA:319,52
DA:320,52
DA:321,2
DA:323,50
DA:324,1
DA:328,49
DA:329,1
DA:332,48
DA:333,48
DA:336,48
DA:344,48
DA:349,53
DA:352,53
DA:353,53
DA:358,53
DA:360,53
DA:361,53
DA:363,53
DA:367,53
DA:377,23
DA:378,23
DA:380,22
DA:381,23
DA:382,4
DA:386,18
DA:387,18
DA:390,18
DA:393,18
DA:394,18
DA:395,18
DA:400,18
DA:402,18
DA:403,18
DA:405,18
DA:409,18
DA:413,0
DA:417,4
DA:418,4
DA:419,4
DA:420,4
DA:424,1
DA:425,2
DA:426,1
DA:435,3
DA:436,3
DA:437,3
DA:438,4
DA:439,4
DA:441,3
DA:442,3
DA:443,3
DA:447,2
DA:448,2
DA:449,1
DA:450,1
DA:451,1
DA:452,1
DA:453,1
DA:458,4
DA:459,0
DA:463,4
DA:464,4
DA:465,4
DA:469,0
DA:470,0
DA:473,0
DA:474,0
DA:478,0
DA:479,0
DA:480,0
DA:481,0
DA:482,0
DA:483,0
DA:487,97
DA:488,97
DA:489,97
DA:493,324
DA:494,324
DA:495,324
DA:496,324
DA:497,324
DA:498,324
DA:499,324
DA:503,0
DA:504,0
DA:506,0
DA:507,0
DA:509,0
DA:510,0
DA:513,0
DA:514,0
DA:516,0
DA:521,0
DA:522,0
DA:523,0
DA:525,0
DA:526,0
DA:527,0
DA:529,0
DA:545,0
DA:546,0
DA:548,0
DA:549,0
DA:552,0
DA:553,0
DA:555,0
DA:560,0
DA:561,0
DA:562,0
DA:564,0
DA:571,0
DA:572,0
DA:574,0
DA:575,0
DA:577,0
DA:581,0
DA:582,0
DA:584,0
DA:585,0
DA:588,0
DA:589,0
DA:590,0
DA:591,0
DA:592,0
DA:595,0
DA:596,0
DA:597,0
DA:601,0
DA:602,0
DA:604,0
DA:605,0
DA:608,0
DA:609,0
DA:610,0
DA:611,0
DA:615,1411
DA:619,43
DA:627,997
DA:628,997
DA:629,997
DA:631,0
DA:636,908
DA:637,908
DA:638,908
DA:639,908
DA:641,908
DA:648,89
DA:649,89
DA:650,89
DA:652,89
DA:654,29
DA:655,29
DA:656,29
DA:657,89
DA:658,89
DA:659,89
DA:660,204
DA:661,204
DA:665,43
DA:670,204
DA:671,43
DA:672,43
DA:673,0
DA:674,0
DA:675,0
DA:685,42
LF:274
LH:161
BRDA:65,0,0,412
BRDA:77,1,0,394
BRDA:81,2,0,394
BRDA:81,2,1,0
BRDA:95,3,0,3
BRDA:95,3,1,1
BRDA:98,4,0,2
BRDA:98,4,1,1
BRDA:103,5,0,1
BRDA:103,5,1,0
BRDA:111,6,0,57
BRDA:111,6,1,4
BRDA:116,7,0,561
BRDA:116,7,1,561
BRDA:123,8,0,1
BRDA:123,8,1,18
BRDA:148,9,0,0
BRDA:148,9,1,0
BRDA:149,10,0,0
BRDA:149,10,1,0
BRDA:150,11,0,0
BRDA:150,11,1,0
BRDA:151,12,0,0
BRDA:151,12,1,0
BRDA:154,13,0,0
BRDA:154,13,1,0
BRDA:156,14,0,0
BRDA:156,14,1,0
BRDA:165,15,0,0
BRDA:165,15,1,0
BRDA:172,16,0,0
BRDA:172,16,1,0
BRDA:173,17,0,0
BRDA:173,17,1,0
BRDA:175,18,0,0
BRDA:175,18,1,0
BRDA:187,19,0,0
BRDA:187,19,1,0
BRDA:189,20,0,0
BRDA:189,20,1,0
BRDA:190,21,0,0
BRDA:190,21,1,0
BRDA:202,22,0,6
BRDA:205,23,0,5
BRDA:205,23,1,1
BRDA:215,24,0,0
BRDA:215,24,1,6
BRDA:221,25,0,1
BRDA:221,25,1,7
BRDA:222,26,0,4
BRDA:222,26,1,3
BRDA:231,27,0,7
BRDA:231,27,1,7
BRDA:238,28,0,0
BRDA:238,28,1,7
BRDA:238,29,0,8
BRDA:238,29,1,5
BRDA:241,30,0,0
BRDA:241,30,1,0
BRDA:244,31,0,0
BRDA:244,31,1,0
BRDA:244,32,0,0
BRDA:244,32,1,0
BRDA:290,33,0,1
BRDA:290,33,1,2
BRDA:294,34,0,0
BRDA:294,34,1,2
BRDA:316,35,0,1
BRDA:316,35,1,52
BRDA:320,36,0,2
BRDA:320,36,1,50
BRDA:323,37,0,1
BRDA:323,37,1,49
BRDA:328,38,0,1
BRDA:328,38,1,48
BRDA:344,39,0,10
BRDA:344,39,1,38
BRDA:378,40,0,1
BRDA:378,40,1,22
BRDA:381,41,0,4
BRDA:381,41,1,19
BRDA:381,42,0,23
BRDA:381,42,1,20
BRDA:418,43,0,0
BRDA:418,43,1,4
BRDA:420,44,0,1
BRDA:420,44,1,3
BRDA:433,45,0,3
BRDA:442,46,0,0
BRDA:442,46,1,3
BRDA:448,47,0,1
BRDA:448,47,1,1
BRDA:464,48,0,2
BRDA:464,48,1,2
BRDA:470,49,0,0
BRDA:470,49,1,0
BRDA:494,50,0,0
BRDA:494,50,1,324
BRDA:504,51,0,0
BRDA:504,51,1,0
BRDA:507,52,0,0
BRDA:507,52,1,0
BRDA:509,53,0,0
BRDA:509,53,1,0
BRDA:513,54,0,0
BRDA:513,54,1,0
BRDA:518,55,0,0
BRDA:518,55,1,0
BRDA:533,56,0,0
BRDA:533,56,1,0
BRDA:546,57,0,0
BRDA:546,57,1,0
BRDA:549,58,0,0
BRDA:549,58,1,0
BRDA:552,59,0,0
BRDA:552,59,1,0
BRDA:566,60,0,0
BRDA:566,60,1,0
BRDA:572,61,0,0
BRDA:572,61,1,0
BRDA:575,62,0,0
BRDA:575,62,1,0
BRDA:577,63,0,0
BRDA:577,63,1,0
BRDA:582,64,0,0
BRDA:582,64,1,0
BRDA:585,65,0,0
BRDA:585,65,1,0
BRDA:590,66,0,0
BRDA:590,66,1,0
BRDA:602,67,0,0
BRDA:602,67,1,0
BRDA:605,68,0,0
BRDA:605,68,1,0
BRDA:622,69,0,1411
BRDA:622,69,1,1411
BRDA:638,70,0,0
BRDA:638,70,1,908
BRDA:650,71,0,0
BRDA:650,71,1,89
BRDA:652,72,0,60
BRDA:652,72,1,29
BRDA:656,73,0,29
BRDA:656,73,1,0
BRDA:660,74,0,0
BRDA:660,74,1,204
BRDA:660,75,0,204
BRDA:660,75,1,204
BRDA:663,76,0,204
BRDA:663,76,1,1
BRDA:664,77,0,204
BRDA:664,77,1,0
BRDA:666,78,0,204
BRDA:666,78,1,0
BRDA:667,79,0,204
BRDA:667,79,1,0
BRDA:668,80,0,204
BRDA:668,80,1,204
BRDA:671,81,0,0
BRDA:671,81,1,43
BRDA:672,82,0,0
BRDA:672,82,1,43
BRDA:673,83,0,0
BRDA:673,83,1,0
BRDA:675,84,0,0
BRDA:675,84,1,0
BRF:166
BRH:75
end_of_record
TN:
SF:src-electron/services/auth.service.ts
FN:72,(anonymous_0)
FN:81,(anonymous_1)
FN:89,(anonymous_2)
FN:98,(anonymous_3)
FN:148,(anonymous_4)
FN:169,(anonymous_5)
FN:186,(anonymous_6)
FN:199,(anonymous_7)
FN:218,(anonymous_8)
FN:288,(anonymous_9)
FN:328,(anonymous_10)
FN:359,(anonymous_11)
FN:421,(anonymous_12)
FN:430,(anonymous_13)
FN:447,(anonymous_14)
FN:481,(anonymous_15)
FN:488,(anonymous_16)
FN:495,(anonymous_17)
FN:502,(anonymous_18)
FN:516,(anonymous_19)
FN:529,(anonymous_20)
FN:564,(anonymous_21)
FN:572,(anonymous_22)
FN:573,(anonymous_23)
FN:579,(anonymous_24)
FN:587,(anonymous_25)
FN:611,(anonymous_26)
FN:638,(anonymous_27)
FNF:28
FNH:27
FNDA:36,(anonymous_0)
FNDA:3,(anonymous_1)
FNDA:6,(anonymous_2)
FNDA:39,(anonymous_3)
FNDA:3,(anonymous_4)
FNDA:1,(anonymous_5)
FNDA:1,(anonymous_6)
FNDA:1,(anonymous_7)
FNDA:4,(anonymous_8)
FNDA:5,(anonymous_9)
FNDA:1,(anonymous_10)
FNDA:3,(anonymous_11)
FNDA:5,(anonymous_12)
FNDA:3,(anonymous_13)
FNDA:6,(anonymous_14)
FNDA:3,(anonymous_15)
FNDA:3,(anonymous_16)
FNDA:0,(anonymous_17)
FNDA:1,(anonymous_18)
FNDA:4,(anonymous_19)
FNDA:1,(anonymous_20)
FNDA:4,(anonymous_21)
FNDA:1,(anonymous_22)
FNDA:1,(anonymous_23)
FNDA:85,(anonymous_24)
FNDA:8,(anonymous_25)
FNDA:70,(anonymous_26)
FNDA:10,(anonymous_27)
DA:52,63
DA:53,63
DA:58,63
DA:59,63
DA:62,36
DA:69,36
DA:74,36
DA:75,36
DA:82,3
DA:83,3
DA:90,6
DA:91,6
DA:99,39
DA:101,39
DA:102,2
DA:103,2
DA:107,37
DA:108,37
DA:109,3
DA:110,3
DA:113,3
DA:114,1
DA:115,1
DA:117,1
DA:119,1
DA:120,1
DA:121,1
DA:123,0
DA:124,0
DA:130,36
DA:131,36
DA:132,1
DA:133,1
DA:134,1
DA:135,1
DA:138,1
DA:139,1
DA:149,3
DA:151,3
DA:152,0
DA:153,0
DA:157,3
DA:158,3
DA:160,3
DA:163,3
DA:164,3
DA:165,2
DA:168,2
DA:169,2
DA:170,1
DA:171,1
DA:172,1
DA:176,1
DA:177,1
DA:180,2
DA:187,1
DA:188,1
DA:189,0
DA:190,0
DA:200,1
DA:202,1
DA:203,0
DA:207,1
DA:210,1
DA:219,4
DA:221,4
DA:222,4
DA:225,4
DA:226,4
DA:232,4
DA:233,2
DA:234,2
DA:236,2
DA:237,1
DA:239,1
DA:242,2
DA:243,2
DA:246,2
DA:247,2
DA:253,2
DA:254,1
DA:255,1
DA:256,1
DA:259,1
DA:260,1
DA:263,1
DA:270,1
DA:273,1
DA:275,1
DA:277,1
DA:279,3
DA:280,3
DA:281,3
DA:289,5
DA:291,5
DA:292,5
DA:293,1
DA:297,4
DA:303,4
DA:304,4
DA:307,4
DA:308,4
DA:309,4
DA:310,4
DA:311,4
DA:312,4
DA:313,4
DA:314,4
DA:317,4
DA:320,5
DA:323,5
DA:324,1
DA:328,1
DA:333,3
DA:335,5
DA:336,5
DA:338,5
DA:345,2
DA:347,2
DA:360,3
DA:363,3
DA:364,0
DA:366,0
DA:370,3
DA:371,1
DA:372,1
DA:375,2
DA:376,2
DA:377,2
DA:379,2
DA:380,2
DA:386,2
DA:387,1
DA:388,1
DA:391,1
DA:392,1
DA:395,1
DA:396,1
DA:399,1
DA:406,1
DA:407,1
DA:410,1
DA:412,1
DA:413,1
DA:414,1
DA:422,5
DA:431,3
DA:432,1
DA:436,2
DA:437,1
DA:438,1
DA:441,2
DA:448,6
DA:449,6
DA:450,1
DA:455,6
DA:456,6
DA:457,6
DA:460,6
DA:461,6
DA:462,6
DA:465,6
DA:471,6
DA:473,1
DA:474,1
DA:482,3
DA:489,3
DA:496,0
DA:503,1
DA:509,1
DA:510,1
DA:517,4
DA:518,4
DA:530,1
DA:533,1
DA:536,1
DA:542,1
DA:550,1
DA:552,1
DA:554,1
DA:565,4
DA:566,4
DA:573,1
DA:580,85
DA:581,85
DA:588,8
DA:589,8
DA:590,8
DA:593,8
DA:595,0
DA:596,0
DA:601,7
DA:605,7
DA:607,1
DA:612,70
DA:613,70
DA:616,70
DA:617,58
DA:621,2
DA:622,2
DA:625,2
DA:626,2
DA:628,1
DA:631,0
DA:633,11
DA:634,11
DA:639,10
DA:640,10
DA:643,10
DA:644,8
DA:648,1
DA:649,1
DA:651,1
DA:652,1
DA:654,1
DA:657,1
DA:660,1
LF:217
LH:204
BRDA:101,0,0,2
BRDA:101,0,1,37
BRDA:108,1,0,3
BRDA:108,1,1,34
BRDA:113,2,0,1
BRDA:113,2,1,1
BRDA:119,3,0,1
BRDA:119,3,1,0
BRDA:131,4,0,1
BRDA:131,4,1,35
BRDA:151,5,0,0
BRDA:151,5,1,3
BRDA:170,6,0,1
BRDA:170,6,1,0
BRDA:188,7,0,0
BRDA:188,7,1,1
BRDA:202,8,0,0
BRDA:202,8,1,1
BRDA:232,9,0,2
BRDA:232,9,1,2
BRDA:236,10,0,1
BRDA:236,10,1,1
BRDA:253,11,0,1
BRDA:253,11,1,1
BRDA:292,12,0,1
BRDA:292,12,1,4
BRDA:317,13,0,4
BRDA:317,13,1,0
BRDA:320,14,0,5
BRDA:320,14,1,1
BRDA:320,14,2,1
BRDA:323,15,0,1
BRDA:323,15,1,4
BRDA:323,16,0,5
BRDA:323,16,1,1
BRDA:333,17,0,3
BRDA:333,17,1,0
BRDA:339,18,0,5
BRDA:339,18,1,1
BRDA:339,18,2,0
BRDA:339,18,3,0
BRDA:340,19,0,5
BRDA:340,19,1,0
BRDA:363,20,0,0
BRDA:363,20,1,3
BRDA:370,21,0,1
BRDA:370,21,1,2
BRDA:386,22,0,1
BRDA:386,22,1,1
BRDA:406,23,0,1
BRDA:406,23,1,0
BRDA:423,24,0,5
BRDA:423,24,1,4
BRDA:431,25,0,1
BRDA:431,25,1,2
BRDA:436,26,0,1
BRDA:436,26,1,1
BRDA:441,27,0,2
BRDA:441,27,1,0
BRDA:449,28,0,1
BRDA:449,28,1,5
BRDA:489,29,0,3
BRDA:489,29,1,2
BRDA:593,30,0,0
BRDA:593,30,1,8
BRDA:616,31,0,58
BRDA:616,31,1,12
BRDA:626,32,0,1
BRDA:626,32,1,1
BRDA:643,33,0,8
BRDA:643,33,1,2
BRDA:652,34,0,1
BRDA:652,34,1,0
BRF:73
BRH:58
end_of_record
TN:
SF:src-electron/services/file-access-token.service.ts
FN:31,(anonymous_0)
FN:39,(anonymous_1)
FN:56,(anonymous_2)
FN:72,(anonymous_3)
FN:105,(anonymous_4)
FN:112,(anonymous_5)
FN:119,(anonymous_6)
FN:132,(anonymous_7)
FN:149,(anonymous_8)
FN:156,(anonymous_9)
FNF:10
FNH:10
FNDA:72,(anonymous_0)
FNDA:35,(anonymous_1)
FNDA:8,(anonymous_2)
FNDA:11,(anonymous_3)
FNDA:4,(anonymous_4)
FNDA:3,(anonymous_5)
FNDA:3,(anonymous_6)
FNDA:2,(anonymous_7)
FNDA:8,(anonymous_8)
FNDA:40,(anonymous_9)
DA:28,72
DA:29,72
DA:33,72
DA:40,35
DA:41,35
DA:44,35
DA:53,35
DA:56,35
DA:57,8
DA:60,35
DA:73,11
DA:75,11
DA:76,6
DA:80,5
DA:81,0
DA:82,0
DA:86,5
DA:94,5
DA:95,0
DA:96,0
DA:99,5
DA:106,4
DA:113,3
DA:120,3
DA:121,3
DA:122,2
DA:125,1
DA:126,1
DA:133,2
DA:134,2
DA:136,2
DA:137,2
DA:138,0
DA:139,0
DA:143,2
DA:150,8
DA:163,40
DA:164,40
DA:169,45
LF:39
LH:33
BRDA:33,0,0,72
BRDA:33,0,1,48
BRDA:75,1,0,6
BRDA:75,1,1,5
BRDA:80,2,0,0
BRDA:80,2,1,5
BRDA:94,3,0,0
BRDA:94,3,1,5
BRDA:121,4,0,2
BRDA:121,4,1,1
BRDA:126,5,0,1
BRDA:126,5,1,0
BRDA:137,6,0,0
BRDA:137,6,1,2
BRF:14
BRH:10
end_of_record
TN:
SF:src-electron/services/file-encoding.service.ts
FN:25,(anonymous_0)
FN:42,(anonymous_1)
FN:57,(anonymous_2)
FN:125,(anonymous_3)
FN:138,(anonymous_4)
FN:142,(anonymous_5)
FN:157,(anonymous_6)
FN:182,(anonymous_7)
FN:209,(anonymous_8)
FN:224,(anonymous_9)
FN:235,(anonymous_10)
FN:239,(anonymous_11)
FNF:12
FNH:0
FNDA:0,(anonymous_0)
FNDA:0,(anonymous_1)
FNDA:0,(anonymous_2)
FNDA:0,(anonymous_3)
FNDA:0,(anonymous_4)
FNDA:0,(anonymous_5)
FNDA:0,(anonymous_6)
FNDA:0,(anonymous_7)
FNDA:0,(anonymous_8)
FNDA:0,(anonymous_9)
FNDA:0,(anonymous_10)
FNDA:0,(anonymous_11)
DA:26,0
DA:36,0
DA:43,0
DA:51,0
DA:61,0
DA:62,0
DA:70,0
DA:72,0
DA:73,0
DA:77,0
DA:81,0
DA:83,0
DA:85,0
DA:90,0
DA:98,0
DA:100,0
DA:105,0
DA:113,0
DA:118,0
DA:129,0
DA:130,0
DA:133,0
DA:138,0
DA:139,0
DA:142,0
DA:144,0
DA:151,0
DA:158,0
DA:159,0
DA:165,0
DA:166,0
DA:172,0
DA:183,0
DA:184,0
DA:192,0
DA:193,0
DA:199,0
DA:210,0
DA:212,0
DA:213,0
DA:215,0
DA:217,0
DA:225,0
DA:236,0
DA:237,0
DA:239,0
DA:240,0
DA:246,0
LF:48
LH:0
BRDA:36,0,0,0
BRDA:36,0,1,0
BRDA:72,1,0,0
BRDA:72,1,1,0
BRDA:81,2,0,0
BRDA:81,2,1,0
BRDA:129,3,0,0
BRDA:129,3,1,0
BRDA:129,4,0,0
BRDA:129,4,1,0
BRDA:158,5,0,0
BRDA:158,5,1,0
BRDA:165,6,0,0
BRDA:165,6,1,0
BRDA:183,7,0,0
BRDA:183,7,1,0
BRDA:192,8,0,0
BRDA:192,8,1,0
BRDA:210,9,0,0
BRDA:210,9,1,0
BRDA:213,10,0,0
BRDA:213,10,1,0
BRDA:237,11,0,0
BRDA:237,11,1,0
BRF:24
BRH:0
end_of_record
TN:
SF:src-electron/services/file-storage.service.ts
FN:20,(anonymous_0)
FN:30,(anonymous_1)
FN:90,(anonymous_2)
FN:121,(anonymous_3)
FN:148,(anonymous_4)
FN:185,(anonymous_5)
FN:194,(anonymous_6)
FN:203,(anonymous_7)
FN:211,(anonymous_8)
FN:235,(anonymous_9)
FN:290,(anonymous_10)
FN:313,(anonymous_11)
FN:343,(anonymous_12)
FN:375,(anonymous_13)
FN:382,(anonymous_14)
FN:402,(anonymous_15)
FN:413,(anonymous_16)
FN:433,(anonymous_17)
FNF:18
FNH:14
FNDA:79,(anonymous_0)
FNDA:16,(anonymous_1)
FNDA:5,(anonymous_2)
FNDA:3,(anonymous_3)
FNDA:8,(anonymous_4)
FNDA:2,(anonymous_5)
FNDA:1,(anonymous_6)
FNDA:3,(anonymous_7)
FNDA:3,(anonymous_8)
FNDA:0,(anonymous_9)
FNDA:0,(anonymous_10)
FNDA:0,(anonymous_11)
FNDA:0,(anonymous_12)
FNDA:79,(anonymous_13)
FNDA:95,(anonymous_14)
FNDA:14,(anonymous_15)
FNDA:9,(anonymous_16)
FNDA:1,(anonymous_17)
DA:12,43
DA:22,79
DA:23,79
DA:24,79
DA:36,16
DA:38,16
DA:41,16
DA:44,16
DA:45,16
DA:47,16
DA:48,16
DA:51,16
DA:53,15
DA:63,15
DA:74,15
DA:76,1
DA:81,1
DA:91,5
DA:92,5
DA:94,5
DA:95,2
DA:96,2
DA:99,3
DA:101,2
DA:107,2
DA:109,1
DA:114,1
DA:122,3
DA:123,3
DA:125,3
DA:126,1
DA:127,1
DA:130,2
DA:132,1
DA:134,1
DA:136,1
DA:141,1
DA:149,8
DA:150,8
DA:153,8
DA:154,5
DA:155,5
DA:159,3
DA:162,2
DA:163,3
DA:164,3
DA:168,2
DA:170,2
DA:175,1
DA:186,2
DA:187,2
DA:197,1
DA:204,3
DA:205,3
DA:212,3
DA:213,3
DA:215,3
DA:216,1
DA:219,2
DA:220,1
DA:222,1
DA:227,1
DA:238,0
DA:240,0
DA:242,0
DA:243,0
DA:244,0
DA:249,0
DA:252,0
DA:254,0
DA:255,0
DA:256,0
DA:260,0
DA:262,0
DA:272,0
DA:278,0
DA:282,0
DA:293,0
DA:295,0
DA:296,0
DA:300,0
DA:302,0
DA:303,0
DA:306,0
DA:307,0
DA:308,0
DA:312,0
DA:313,0
DA:315,0
DA:316,0
DA:317,0
DA:320,0
DA:322,0
DA:330,0
DA:332,0
DA:336,0
DA:344,0
DA:369,0
DA:376,79
DA:383,95
DA:384,95
DA:385,73
DA:386,73
DA:391,30
DA:403,14
DA:404,14
DA:407,14
DA:408,6
DA:412,8
DA:413,9
DA:415,8
DA:416,0
DA:419,8
DA:421,0
DA:426,0
DA:434,1
DA:458,1
DA:463,43
LF:118
LH:79
BRDA:41,0,0,16
BRDA:41,0,1,1
BRDA:82,1,0,1
BRDA:82,1,1,0
BRDA:94,2,0,2
BRDA:94,2,1,3
BRDA:125,3,0,1
BRDA:125,3,1,2
BRDA:153,4,0,5
BRDA:153,4,1,3
BRDA:186,5,0,1
BRDA:186,5,1,1
BRDA:215,6,0,1
BRDA:215,6,1,2
BRDA:242,7,0,0
BRDA:242,7,1,0
BRDA:254,8,0,0
BRDA:254,8,1,0
BRDA:295,9,0,0
BRDA:295,9,1,0
BRDA:307,10,0,0
BRDA:307,10,1,0
BRDA:315,11,0,0
BRDA:315,11,1,0
BRDA:369,12,0,0
BRDA:369,12,1,0
BRDA:384,13,0,73
BRDA:384,13,1,22
BRDA:407,14,0,6
BRDA:407,14,1,8
BRDA:415,15,0,0
BRDA:415,15,1,8
BRDA:458,16,0,1
BRDA:458,16,1,0
BRF:34
BRH:19
end_of_record
TN:
SF:src-electron/services/file-tools.service.ts
FN:63,(anonymous_0)
FN:66,(anonymous_1)
FN:78,(anonymous_2)
FN:146,(anonymous_3)
FN:173,(anonymous_4)
FN:235,(anonymous_5)
FN:236,(anonymous_6)
FN:244,(anonymous_7)
FN:332,(anonymous_8)
FN:402,(anonymous_9)
FN:416,(anonymous_10)
FN:449,(anonymous_11)
FN:456,(anonymous_12)
FN:501,(anonymous_13)
FN:526,(anonymous_14)
FN:534,(anonymous_15)
FN:542,(anonymous_16)
FN:543,(anonymous_17)
FN:554,(anonymous_18)
FN:555,(anonymous_19)
FN:569,(anonymous_20)
FN:570,(anonymous_21)
FN:584,(anonymous_22)
FN:591,(anonymous_23)
FNF:24
FNH:24
FNDA:109,(anonymous_0)
FNDA:17,(anonymous_1)
FNDA:3,(anonymous_2)
FNDA:84,(anonymous_3)
FNDA:44,(anonymous_4)
FNDA:31,(anonymous_5)
FNDA:31,(anonymous_6)
FNDA:39,(anonymous_7)
FNDA:29,(anonymous_8)
FNDA:83,(anonymous_9)
FNDA:2119,(anonymous_10)
FNDA:2036,(anonymous_11)
FNDA:35,(anonymous_12)
FNDA:109,(anonymous_13)
FNDA:3,(anonymous_14)
FNDA:5,(anonymous_15)
FNDA:3,(anonymous_16)
FNDA:5,(anonymous_17)
FNDA:8,(anonymous_18)
FNDA:13,(anonymous_19)
FNDA:3,(anonymous_20)
FNDA:4,(anonymous_21)
FNDA:14,(anonymous_22)
FNDA:2,(anonymous_23)
DA:60,109
DA:61,109
DA:64,109
DA:65,109
DA:66,109
DA:67,109
DA:79,3
DA:147,84
DA:149,84
DA:150,84
DA:152,44
DA:154,39
DA:156,1
DA:162,1
DA:163,1
DA:174,44
DA:175,44
DA:176,44
DA:177,44
DA:178,44
DA:180,44
DA:183,44
DA:184,44
DA:185,14
DA:196,30
DA:197,3
DA:204,26
DA:205,26
DA:206,1
DA:213,25
DA:223,25
DA:224,2
DA:230,23
DA:235,31
DA:236,31
DA:245,39
DA:246,39
DA:247,39
DA:248,39
DA:250,39
DA:253,39
DA:254,39
DA:255,0
DA:266,39
DA:267,1
DA:274,38
DA:275,38
DA:276,1
DA:283,37
DA:284,2
DA:291,35
DA:292,7
DA:300,28
DA:301,28
DA:302,28
DA:305,28
DA:306,6
DA:307,6
DA:308,6
DA:309,6
DA:310,6
DA:313,28
DA:340,29
DA:342,29
DA:344,29
DA:345,2038
DA:347,2036
DA:350,2036
DA:351,0
DA:355,2036
DA:357,2036
DA:358,10
DA:366,10
DA:367,4
DA:375,4
DA:377,2026
DA:378,2026
DA:380,2026
DA:381,7
DA:384,2023
DA:395,29
DA:403,83
DA:404,3
DA:406,83
DA:407,54
DA:409,83
DA:421,2119
DA:422,12687
DA:423,9
DA:428,2110
DA:429,17
DA:430,17
DA:431,20
DA:432,12
DA:433,12
DA:436,17
DA:437,5
DA:441,2105
DA:450,2036
DA:457,35
DA:495,35
DA:502,109
DA:503,109
DA:506,109
DA:507,0
DA:508,0
DA:510,109
DA:511,109
DA:512,109
DA:516,109
DA:517,109
DA:518,109
DA:520,109
DA:527,3
DA:528,3
DA:535,5
DA:543,5
DA:544,3
DA:555,8
DA:556,13
DA:557,13
DA:559,8
DA:570,3
DA:571,4
DA:572,4
DA:574,3
DA:585,14
DA:592,2
DA:593,2
LF:129
LH:125
BRDA:64,0,0,109
BRDA:64,0,1,7
BRDA:66,1,0,109
BRDA:66,1,1,94
BRDA:150,2,0,44
BRDA:150,2,1,39
BRDA:150,2,2,1
BRDA:165,3,0,1
BRDA:165,3,1,0
BRDA:175,4,0,44
BRDA:175,4,1,41
BRDA:176,5,0,44
BRDA:176,5,1,41
BRDA:177,6,0,44
BRDA:177,6,1,39
BRDA:184,7,0,14
BRDA:184,7,1,30
BRDA:188,8,0,9
BRDA:188,8,1,5
BRDA:196,9,0,3
BRDA:196,9,1,27
BRDA:205,10,0,1
BRDA:205,10,1,25
BRDA:223,11,0,2
BRDA:223,11,1,23
BRDA:245,12,0,39
BRDA:245,12,1,3
BRDA:246,13,0,39
BRDA:246,13,1,37
BRDA:254,14,0,0
BRDA:254,14,1,39
BRDA:258,15,0,0
BRDA:258,15,1,0
BRDA:266,16,0,1
BRDA:266,16,1,38
BRDA:275,17,0,1
BRDA:275,17,1,37
BRDA:283,18,0,2
BRDA:283,18,1,35
BRDA:283,19,0,37
BRDA:283,19,1,3
BRDA:283,19,2,2
BRDA:291,20,0,7
BRDA:291,20,1,28
BRDA:305,21,0,6
BRDA:305,21,1,22
BRDA:305,22,0,28
BRDA:305,22,1,23
BRDA:307,23,0,6
BRDA:307,23,1,1
BRDA:308,24,0,6
BRDA:308,24,1,1
BRDA:310,25,0,6
BRDA:310,25,1,3
BRDA:338,26,0,29
BRDA:345,27,0,2
BRDA:345,27,1,2036
BRDA:345,28,0,2038
BRDA:345,28,1,2033
BRDA:350,29,0,0
BRDA:350,29,1,2036
BRDA:357,30,0,10
BRDA:357,30,1,2026
BRDA:366,31,0,4
BRDA:366,31,1,6
BRDA:366,32,0,10
BRDA:366,32,1,5
BRDA:377,33,0,2026
BRDA:377,33,1,0
BRDA:380,34,0,7
BRDA:380,34,1,2019
BRDA:380,35,0,2026
BRDA:380,35,1,7
BRDA:381,36,0,3
BRDA:381,36,1,4
BRDA:403,37,0,3
BRDA:403,37,1,80
BRDA:406,38,0,54
BRDA:406,38,1,29
BRDA:422,39,0,9
BRDA:422,39,1,12678
BRDA:428,40,0,17
BRDA:428,40,1,2093
BRDA:431,41,0,12
BRDA:431,41,1,8
BRDA:436,42,0,5
BRDA:436,42,1,12
BRDA:506,43,0,0
BRDA:506,43,1,109
BRF:89
BRH:82
end_of_record
TN:
SF:src-electron/services/file-type-detector.service.ts
FN:77,(anonymous_0)
FN:116,(anonymous_1)
FN:124,(anonymous_2)
FN:131,(anonymous_3)
FN:138,(anonymous_4)
FN:143,(anonymous_5)
FN:176,(anonymous_6)
FN:180,(anonymous_7)
FN:184,(anonymous_8)
FN:188,(anonymous_9)
FN:192,(anonymous_10)
FNF:11
FNH:11
FNDA:62,(anonymous_0)
FNDA:13,(anonymous_1)
FNDA:5,(anonymous_2)
FNDA:12,(anonymous_3)
FNDA:62,(anonymous_4)
FNDA:56,(anonymous_5)
FNDA:62,(anonymous_6)
FNDA:38,(anonymous_7)
FNDA:28,(anonymous_8)
FNDA:18,(anonymous_9)
FNDA:12,(anonymous_10)
DA:16,34
DA:17,34
DA:26,34
DA:27,34
DA:29,34
DA:40,34
DA:52,34
DA:53,34
DA:64,34
DA:65,34
DA:78,62
DA:79,62
DA:82,62
DA:83,62
DA:84,62
DA:86,62
DA:87,24
DA:88,24
DA:89,24
DA:90,38
DA:91,10
DA:92,10
DA:93,10
DA:94,28
DA:95,10
DA:96,10
DA:97,18
DA:98,6
DA:99,6
DA:100,12
DA:101,8
DA:102,8
DA:105,62
DA:117,13
DA:118,13
DA:125,5
DA:132,12
DA:134,12
DA:135,12
DA:139,62
DA:140,62
DA:144,56
DA:173,56
DA:177,62
DA:181,38
DA:185,28
DA:189,18
DA:193,12
DA:198,34
LF:49
LH:49
BRDA:79,0,0,62
BRDA:79,0,1,56
BRDA:86,1,0,24
BRDA:86,1,1,38
BRDA:90,2,0,10
BRDA:90,2,1,28
BRDA:94,3,0,10
BRDA:94,3,1,18
BRDA:97,4,0,6
BRDA:97,4,1,12
BRDA:100,5,0,8
BRDA:100,5,1,4
BRDA:135,6,0,12
BRDA:135,6,1,8
BRDA:140,7,0,3
BRDA:140,7,1,59
BRDA:173,8,0,56
BRDA:173,8,1,4
BRDA:177,9,0,62
BRDA:177,9,1,41
BRDA:181,10,0,38
BRDA:181,10,1,28
BRDA:185,11,0,28
BRDA:185,11,1,18
BRDA:189,12,0,18
BRDA:189,12,1,12
BRDA:193,13,0,12
BRDA:193,13,1,4
BRF:28
BRH:28
end_of_record
TN:
SF:src-electron/services/file-validation.service.ts
FN:31,(anonymous_0)
FN:38,(anonymous_1)
FN:69,(anonymous_2)
FN:93,(anonymous_3)
FN:100,(anonymous_4)
FN:136,(anonymous_5)
FN:143,(anonymous_6)
FN:156,(anonymous_7)
FN:200,(anonymous_8)
FN:224,(anonymous_9)
FN:278,(anonymous_10)
FN:357,(anonymous_11)
FN:364,(anonymous_12)
FNF:13
FNH:13
FNDA:91,(anonymous_0)
FNDA:42,(anonymous_1)
FNDA:14,(anonymous_2)
FNDA:8,(anonymous_3)
FNDA:16,(anonymous_4)
FNDA:6,(anonymous_5)
FNDA:4,(anonymous_6)
FNDA:42,(anonymous_7)
FNDA:36,(anonymous_8)
FNDA:31,(anonymous_9)
FNDA:91,(anonymous_10)
FNDA:2,(anonymous_11)
FNDA:1,(anonymous_12)
DA:32,91
DA:40,42
DA:41,42
DA:42,6
DA:46,36
DA:47,36
DA:48,5
DA:52,31
DA:53,31
DA:54,6
DA:57,25
DA:63,25
DA:71,14
DA:72,2
DA:76,12
DA:77,12
DA:78,2
DA:82,10
DA:83,10
DA:84,2
DA:87,8
DA:94,8
DA:101,16
DA:102,1
DA:106,15
DA:107,15
DA:110,15
DA:113,15
DA:116,15
DA:119,15
DA:120,1
DA:121,1
DA:122,1
DA:126,15
DA:127,1
DA:130,14
DA:137,6
DA:144,4
DA:145,2
DA:146,2
DA:149,2
DA:150,2
DA:157,42
DA:158,1
DA:166,41
DA:167,3
DA:168,3
DA:176,38
DA:177,1
DA:178,1
DA:186,37
DA:187,1
DA:194,36
DA:201,36
DA:202,2
DA:209,34
DA:210,3
DA:211,3
DA:218,31
DA:226,31
DA:228,31
DA:229,1
DA:237,30
DA:238,3
DA:239,3
DA:247,27
DA:248,1
DA:249,1
DA:257,26
DA:258,26
DA:259,1
DA:265,1
DA:272,25
DA:280,91
DA:283,91
DA:304,91
DA:326,91
DA:346,91
DA:358,2
DA:365,1
DA:370,1
DA:375,33
LF:82
LH:82
BRDA:41,0,0,6
BRDA:41,0,1,36
BRDA:47,1,0,5
BRDA:47,1,1,31
BRDA:53,2,0,6
BRDA:53,2,1,25
BRDA:71,3,0,2
BRDA:71,3,1,12
BRDA:77,4,0,2
BRDA:77,4,1,10
BRDA:83,5,0,2
BRDA:83,5,1,8
BRDA:83,6,0,10
BRDA:83,6,1,10
BRDA:94,7,0,8
BRDA:94,7,1,6
BRDA:101,8,0,1
BRDA:101,8,1,15
BRDA:119,9,0,1
BRDA:119,9,1,14
BRDA:126,10,0,1
BRDA:126,10,1,14
BRDA:144,11,0,2
BRDA:144,11,1,2
BRDA:157,12,0,1
BRDA:157,12,1,41
BRDA:157,13,0,42
BRDA:157,13,1,41
BRDA:166,14,0,3
BRDA:166,14,1,38
BRDA:166,15,0,41
BRDA:166,15,1,40
BRDA:166,15,2,39
BRDA:176,16,0,1
BRDA:176,16,1,37
BRDA:186,17,0,1
BRDA:186,17,1,36
BRDA:201,18,0,2
BRDA:201,18,1,34
BRDA:209,19,0,3
BRDA:209,19,1,31
BRDA:228,20,0,1
BRDA:228,20,1,30
BRDA:237,21,0,3
BRDA:237,21,1,27
BRDA:247,22,0,1
BRDA:247,22,1,26
BRDA:258,23,0,1
BRDA:258,23,1,25
BRDA:258,24,0,26
BRDA:258,24,1,26
BRF:51
BRH:51
end_of_record
TN:
SF:src-electron/services/moku.service.ts
FN:24,(anonymous_0)
FN:29,(anonymous_1)
FN:61,(anonymous_2)
FN:62,(anonymous_3)
FN:74,(anonymous_4)
FN:76,(anonymous_5)
FN:77,(anonymous_6)
FN:89,(anonymous_7)
FN:90,(anonymous_8)
FN:105,(anonymous_9)
FNF:10
FNH:10
FNDA:45,(anonymous_0)
FNDA:45,(anonymous_1)
FNDA:2,(anonymous_2)
FNDA:6,(anonymous_3)
FNDA:2,(anonymous_4)
FNDA:6,(anonymous_5)
FNDA:4,(anonymous_6)
FNDA:2,(anonymous_7)
FNDA:2,(anonymous_8)
FNDA:2,(anonymous_9)
DA:9,45
DA:22,45
DA:25,45
DA:30,45
DA:31,45
DA:62,6
DA:75,2
DA:76,6
DA:77,4
DA:90,2
DA:91,2
DA:114,45
LF:12
LH:12
BRDA:90,0,0,2
BRDA:90,0,1,2
BRDA:91,1,0,2
BRDA:91,1,1,0
BRF:4
BRH:3
end_of_record
TN:
SF:src-electron/services/settings.service.ts
FN:67,(anonymous_0)
FN:135,(anonymous_1)
FN:142,(anonymous_2)
FN:149,(anonymous_3)
FN:157,(anonymous_4)
FN:158,(anonymous_5)
FN:167,(anonymous_6)
FN:175,(anonymous_7)
FN:182,(anonymous_8)
FN:199,(anonymous_9)
FN:206,(anonymous_10)
FN:215,(anonymous_11)
FN:222,(anonymous_12)
FN:231,(anonymous_13)
FN:238,(anonymous_14)
FN:247,(anonymous_15)
FN:254,(anonymous_16)
FN:262,(anonymous_17)
FNF:18
FNH:16
FNDA:12,(anonymous_0)
FNDA:3,(anonymous_1)
FNDA:12,(anonymous_2)
FNDA:5,(anonymous_3)
FNDA:3,(anonymous_4)
FNDA:8,(anonymous_5)
FNDA:2,(anonymous_6)
FNDA:1,(anonymous_7)
FNDA:1,(anonymous_8)
FNDA:14,(anonymous_9)
FNDA:1,(anonymous_10)
FNDA:13,(anonymous_11)
FNDA:0,(anonymous_12)
FNDA:12,(anonymous_13)
FNDA:0,(anonymous_14)
FNDA:4,(anonymous_15)
FNDA:1,(anonymous_16)
FNDA:24,(anonymous_17)
DA:39,33
DA:69,12
DA:70,12
DA:73,12
DA:112,12
DA:113,12
DA:114,12
DA:115,12
DA:116,12
DA:119,12
DA:120,12
DA:122,12
DA:124,10
DA:125,10
DA:128,0
DA:136,3
DA:143,12
DA:150,5
DA:151,5
DA:158,3
DA:159,8
DA:161,3
DA:168,2
DA:169,2
DA:176,1
DA:183,1
DA:184,1
DA:185,1
DA:186,0
DA:188,1
DA:189,1
DA:191,0
DA:192,0
DA:200,14
DA:207,1
DA:208,1
DA:209,1
DA:216,13
DA:223,0
DA:224,0
DA:225,0
DA:232,12
DA:239,0
DA:240,0
DA:241,0
DA:248,4
DA:255,1
DA:256,1
DA:263,24
LF:49
LH:39
BRDA:122,0,0,10
BRDA:122,0,1,2
BRDA:185,1,0,0
BRDA:185,1,1,1
BRDA:185,2,0,1
BRDA:185,2,1,1
BRF:6
BRH:5
end_of_record
TN:
SF:src-electron/services/title-generator.service.ts
FN:46,(anonymous_0)
FN:61,(anonymous_1)
FN:107,(anonymous_2)
FN:146,(anonymous_3)
FN:172,(anonymous_4)
FN:195,(anonymous_5)
FN:220,(anonymous_6)
FN:226,(anonymous_7)
FN:257,(anonymous_8)
FN:264,(anonymous_9)
FNF:10
FNH:10
FNDA:83,(anonymous_0)
FNDA:40,(anonymous_1)
FNDA:35,(anonymous_2)
FNDA:32,(anonymous_3)
FNDA:32,(anonymous_4)
FNDA:32,(anonymous_5)
FNDA:9,(anonymous_6)
FNDA:1019,(anonymous_7)
FNDA:2,(anonymous_8)
FNDA:1,(anonymous_9)
DA:33,42
DA:47,83
DA:48,83
DA:62,40
DA:63,40
DA:64,5
DA:65,5
DA:69,35
DA:72,35
DA:73,3
DA:74,3
DA:78,32
DA:81,32
DA:84,32
DA:86,32
DA:87,32
DA:89,0
DA:90,0
DA:108,35
DA:111,35
DA:112,35
DA:115,35
DA:119,35
DA:121,35
DA:123,35
DA:126,35
DA:129,35
DA:132,35
DA:135,35
DA:137,35
DA:147,32
DA:148,32
DA:150,32
DA:151,186
DA:152,10
DA:153,10
DA:158,32
DA:159,32
DA:162,32
DA:173,32
DA:174,29
DA:178,3
DA:179,3
DA:182,3
DA:183,1
DA:186,3
DA:197,32
DA:198,2
DA:202,30
DA:203,0
DA:206,30
DA:221,9
DA:222,1
DA:226,1019
DA:227,8
DA:228,8
DA:231,8
DA:233,1011
DA:234,1011
DA:236,2
DA:237,2
DA:240,1009
DA:242,1011
DA:245,1011
DA:246,1
DA:247,1
DA:251,7
DA:258,2
DA:265,1
DA:266,1
DA:273,42
LF:71
LH:68
BRDA:46,0,0,83
BRDA:63,1,0,5
BRDA:63,1,1,35
BRDA:63,2,0,40
BRDA:63,2,1,36
BRDA:72,3,0,3
BRDA:72,3,1,32
BRDA:72,4,0,35
BRDA:72,4,1,32
BRDA:151,5,0,10
BRDA:151,5,1,176
BRDA:158,6,0,32
BRDA:158,6,1,0
BRDA:173,7,0,29
BRDA:173,7,1,3
BRDA:182,8,0,1
BRDA:182,8,1,2
BRDA:182,9,0,3
BRDA:182,9,1,2
BRDA:197,10,0,2
BRDA:197,10,1,30
BRDA:197,11,0,32
BRDA:197,11,1,32
BRDA:202,12,0,0
BRDA:202,12,1,30
BRDA:202,13,0,30
BRDA:202,13,1,3
BRDA:221,14,0,1
BRDA:221,14,1,8
BRDA:221,15,0,9
BRDA:221,15,1,9
BRDA:234,16,0,2
BRDA:234,16,1,1009
BRDA:245,17,0,1
BRDA:245,17,1,1010
BRF:35
BRH:33
end_of_record
TN:
SF:src-electron/services/title-validation.service.ts
FN:49,(anonymous_0)
FN:56,(anonymous_1)
FN:72,(anonymous_2)
FN:84,(anonymous_3)
FN:133,(anonymous_4)
FN:164,(anonymous_5)
FN:194,(anonymous_6)
FN:201,(anonymous_7)
FN:208,(anonymous_8)
FNF:9
FNH:9
FNDA:74,(anonymous_0)
FNDA:74,(anonymous_1)
FNDA:5,(anonymous_2)
FNDA:70,(anonymous_3)
FNDA:212,(anonymous_4)
FNDA:74,(anonymous_5)
FNDA:4,(anonymous_6)
FNDA:1,(anonymous_7)
FNDA:1,(anonymous_8)
DA:50,74
DA:57,74
DA:73,5
DA:74,5
DA:85,70
DA:87,70
DA:90,70
DA:91,7
DA:99,60
DA:100,1
DA:108,59
DA:109,5
DA:117,54
DA:118,0
DA:126,54
DA:127,26
DA:128,26
DA:131,26
DA:132,23
DA:133,212
DA:136,23
DA:137,5
DA:146,49
DA:151,3
DA:152,3
DA:165,74
DA:168,74
DA:171,74
DA:172,70
DA:176,71
DA:177,70
DA:181,71
DA:184,71
DA:186,71
DA:195,4
DA:202,1
DA:209,1
DA:214,19
LF:38
LH:37
BRDA:90,0,0,7
BRDA:90,0,1,63
BRDA:99,1,0,1
BRDA:99,1,1,59
BRDA:108,2,0,5
BRDA:108,2,1,54
BRDA:117,3,0,0
BRDA:117,3,1,54
BRDA:126,4,0,26
BRDA:126,4,1,28
BRDA:126,5,0,54
BRDA:126,5,1,53
BRDA:126,5,2,27
BRDA:128,6,0,21
BRDA:128,6,1,5
BRDA:131,7,0,23
BRDA:131,7,1,3
BRDA:136,8,0,5
BRDA:136,8,1,18
BRDA:171,9,0,70
BRDA:171,9,1,4
BRDA:176,10,0,70
BRDA:176,10,1,1
BRF:23
BRH:22
end_of_record
TN:
SF:src-electron/services/chat/ChatApiService.ts
FN:9,(anonymous_0)
FN:16,(anonymous_1)
FNF:2
FNH:2
FNDA:1,(anonymous_0)
FNDA:1,(anonymous_1)
DA:10,1
DA:11,1
DA:12,1
DA:13,1
DA:20,1
DA:25,1
DA:26,2
DA:27,2
DA:28,2
LF:9
LH:9
BRDA:27,0,0,2
BRDA:27,0,1,0
BRF:2
BRH:1
end_of_record
TN:
SF:src-electron/services/chat/ChatService.ts
FN:26,(anonymous_0)
FN:41,(anonymous_1)
FN:48,(anonymous_2)
FN:72,(anonymous_3)
FN:96,(anonymous_4)
FN:108,(anonymous_5)
FN:125,(anonymous_6)
FN:151,(anonymous_7)
FNF:8
FNH:8
FNDA:16,(anonymous_0)
FNDA:16,(anonymous_1)
FNDA:4,(anonymous_2)
FNDA:2,(anonymous_3)
FNDA:1,(anonymous_4)
FNDA:5,(anonymous_5)
FNDA:2,(anonymous_6)
FNDA:2,(anonymous_7)
DA:27,16
DA:28,16
DA:29,16
DA:30,16
DA:35,16
DA:42,16
DA:53,4
DA:59,4
DA:61,4
DA:62,4
DA:64,0
DA:65,0
DA:77,2
DA:83,2
DA:85,2
DA:86,2
DA:88,0
DA:89,0
DA:97,1
DA:114,5
DA:119,2
DA:120,2
DA:123,3
DA:125,3
DA:126,2
DA:127,1
DA:129,2
DA:132,3
DA:138,3
DA:139,3
DA:140,2
DA:142,1
DA:143,1
DA:152,2
LF:34
LH:30
BRDA:26,0,0,16
BRDA:114,1,0,2
BRDA:114,1,1,3
BRDA:115,2,0,5
BRDA:115,2,1,5
BRDA:115,2,2,4
BRDA:126,3,0,1
BRDA:126,3,1,1
BRF:8
BRH:8
end_of_record
TN:
SF:src-electron/services/chat/audit/AuditService.ts
FN:13,(anonymous_0)
FN:26,(anonymous_1)
FN:36,(anonymous_2)
FN:46,(anonymous_3)
FN:54,(anonymous_4)
FN:70,(anonymous_5)
FN:71,(anonymous_6)
FN:78,(anonymous_7)
FN:104,(anonymous_8)
FN:111,(anonymous_9)
FN:128,(anonymous_10)
FNF:11
FNH:11
FNDA:6,(anonymous_0)
FNDA:6,(anonymous_1)
FNDA:2,(anonymous_2)
FNDA:2,(anonymous_3)
FNDA:2,(anonymous_4)
FNDA:2,(anonymous_5)
FNDA:2,(anonymous_6)
FNDA:7,(anonymous_7)
FNDA:3,(anonymous_8)
FNDA:4,(anonymous_9)
FNDA:3,(anonymous_10)
DA:11,6
DA:14,6
DA:27,10
DA:28,6
DA:30,10
DA:42,2
DA:46,2
DA:62,2
DA:69,2
DA:70,2
DA:71,2
DA:79,7
DA:82,4
DA:85,4
DA:88,4
DA:89,1
DA:96,4
DA:97,3
DA:105,3
DA:112,4
DA:114,4
DA:115,1
DA:118,4
DA:119,1
DA:122,4
DA:129,3
DA:130,3
DA:138,2
DA:139,1
DA:144,1
LF:30
LH:30
BRDA:27,0,0,6
BRDA:27,0,1,4
BRDA:28,1,0,6
BRDA:28,1,1,0
BRDA:79,2,0,3
BRDA:79,2,1,4
BRDA:88,3,0,1
BRDA:88,3,1,3
BRDA:96,4,0,3
BRDA:96,4,1,1
BRDA:96,5,0,4
BRDA:96,5,1,3
BRDA:114,6,0,1
BRDA:114,6,1,3
BRDA:118,7,0,1
BRDA:118,7,1,3
BRDA:138,8,0,1
BRDA:138,8,1,1
BRF:18
BRH:17
end_of_record
TN:
SF:src-electron/services/chat/audit/AuditTypes.ts
FN:58,makeAuditData
FN:75,redactAuditData
FNF:2
FNH:2
FNDA:3,makeAuditData
FNDA:3,redactAuditData
DA:59,3
DA:60,3
DA:72,3
DA:79,3
DA:80,3
DA:82,3
LF:6
LH:6
BRDA:72,0,0,3
BRDA:72,0,1,1
BRDA:79,1,0,3
BRDA:79,1,1,2
BRDA:80,2,0,3
BRDA:80,2,1,2
BRDA:84,3,0,1
BRDA:84,3,1,2
BRDA:85,4,0,1
BRDA:85,4,1,2
BRF:10
BRH:10
end_of_record
TN:
SF:src-electron/services/chat/audit/TokenAccumulator.ts
FN:17,(anonymous_0)
FN:32,(anonymous_1)
FN:52,(anonymous_2)
FN:94,(anonymous_3)
FNF:4
FNH:4
FNDA:7,(anonymous_0)
FNDA:4,(anonymous_1)
FNDA:7,(anonymous_2)
FNDA:7,(anonymous_3)
DA:8,7
DA:13,7
DA:14,7
DA:15,7
DA:18,7
DA:19,7
DA:20,7
DA:21,7
DA:24,7
DA:25,7
DA:26,7
DA:34,4
DA:35,3
DA:36,3
DA:40,4
DA:41,4
DA:44,4
DA:45,4
DA:53,7
DA:54,7
DA:56,7
DA:58,7
DA:86,7
DA:88,7
DA:95,7
DA:96,4
DA:99,3
DA:100,3
LF:28
LH:28
BRDA:34,0,0,3
BRDA:34,0,1,1
BRDA:44,1,0,4
BRDA:44,1,1,0
BRDA:54,2,0,7
BRDA:54,2,1,0
BRDA:56,3,0,7
BRDA:56,3,1,0
BRDA:66,4,0,3
BRDA:66,4,1,4
BRDA:76,5,0,3
BRDA:76,5,1,4
BRDA:77,6,0,1
BRDA:77,6,1,2
BRDA:79,7,0,1
BRDA:79,7,1,1
BRDA:95,8,0,4
BRDA:95,8,1,3
BRDA:95,9,0,7
BRDA:95,9,1,3
BRDA:100,10,0,1
BRDA:100,10,1,2
BRF:22
BRH:19
end_of_record
TN:
SF:src-electron/services/chat/audit/TokenCounters.ts
FN:9,(anonymous_0)
FN:13,(anonymous_1)
FN:17,(anonymous_2)
FN:27,(anonymous_3)
FN:31,(anonymous_4)
FN:35,(anonymous_5)
FN:45,(anonymous_6)
FN:49,(anonymous_7)
FN:53,(anonymous_8)
FN:63,(anonymous_9)
FN:67,(anonymous_10)
FN:71,(anonymous_11)
FN:80,getTokenCounter
FNF:13
FNH:13
FNDA:1,(anonymous_0)
FNDA:4,(anonymous_1)
FNDA:5,(anonymous_2)
FNDA:1,(anonymous_3)
FNDA:2,(anonymous_4)
FNDA:3,(anonymous_5)
FNDA:3,(anonymous_6)
FNDA:4,(anonymous_7)
FNDA:7,(anonymous_8)
FNDA:1,(anonymous_9)
FNDA:2,(anonymous_10)
FNDA:3,(anonymous_11)
FNDA:8,getTokenCounter
DA:10,1
DA:14,4
DA:19,5
DA:28,1
DA:32,2
DA:37,3
DA:46,3
DA:50,4
DA:55,7
DA:64,1
DA:68,2
DA:73,3
DA:81,8
DA:83,8
DA:85,3
DA:87,1
DA:89,3
DA:91,1
LF:18
LH:18
BRDA:83,0,0,3
BRDA:83,0,1,1
BRDA:83,0,2,3
BRDA:83,0,3,1
BRF:4
BRH:4
end_of_record
TN:
SF:src-electron/services/chat/converters/ChatRequestConverter.ts
FN:6,(anonymous_0)
FN:8,(anonymous_1)
FN:11,(anonymous_2)
FNF:3
FNH:0
FNDA:0,(anonymous_0)
FNDA:0,(anonymous_1)
FNDA:0,(anonymous_2)
DA:9,0
DA:11,0
LF:2
LH:0
BRF:0
BRH:0
end_of_record
TN:
SF:src-electron/services/chat/converters/ClaudeConverter.ts
FN:13,(anonymous_0)
FN:18,(anonymous_1)
FN:35,(anonymous_2)
FN:42,(anonymous_3)
FN:56,(anonymous_4)
FN:69,(anonymous_5)
FN:80,(anonymous_6)
FN:86,(anonymous_7)
FNF:8
FNH:7
FNDA:0,(anonymous_0)
FNDA:50,(anonymous_1)
FNDA:50,(anonymous_2)
FNDA:50,(anonymous_3)
FNDA:50,(anonymous_4)
FNDA:5,(anonymous_5)
FNDA:50,(anonymous_6)
FNDA:2,(anonymous_7)
DA:21,7
DA:23,1
DA:28,6
DA:36,7
DA:45,12
DA:46,12
DA:47,0
DA:50,12
DA:61,8
DA:67,8
DA:69,5
DA:74,8
DA:81,4
DA:82,4
DA:84,4
DA:86,2
DA:92,4
DA:93,2
DA:95,4
DA:96,1
DA:98,4
DA:99,1
DA:101,4
DA:102,1
DA:105,4
LF:25
LH:24
BRDA:21,0,0,1
BRDA:21,0,1,4
BRDA:21,0,2,5
BRDA:21,0,3,6
BRDA:46,1,0,0
BRDA:46,1,1,12
BRDA:46,2,0,12
BRDA:46,2,1,0
BRDA:71,3,0,0
BRDA:71,3,1,8
BRDA:81,4,0,4
BRDA:81,4,1,0
BRDA:88,5,0,0
BRDA:88,5,1,4
BRDA:92,6,0,2
BRDA:92,6,1,2
BRDA:95,7,0,1
BRDA:95,7,1,3
BRDA:98,8,0,1
BRDA:98,8,1,3
BRDA:101,9,0,1
BRDA:101,9,1,3
BRF:22
BRH:17
end_of_record
TN:
SF:src-electron/services/chat/converters/OllamaConverter.ts
FN:9,(anonymous_0)
FN:14,(anonymous_1)
FN:17,(anonymous_2)
FN:31,(anonymous_3)
FN:36,(anonymous_4)
FNF:5
FNH:4
FNDA:0,(anonymous_0)
FNDA:45,(anonymous_1)
FNDA:5,(anonymous_2)
FNDA:45,(anonymous_3)
FNDA:1,(anonymous_4)
DA:15,7
DA:17,5
DA:20,7
DA:32,3
DA:34,3
DA:36,1
DA:41,3
DA:42,3
DA:43,2
DA:45,3
DA:46,1
DA:48,3
DA:49,0
DA:51,3
DA:52,0
DA:54,3
DA:55,0
DA:57,3
DA:58,0
DA:62,3
DA:63,2
DA:66,3
LF:22
LH:18
BRDA:32,0,0,3
BRDA:32,0,1,0
BRDA:42,1,0,2
BRDA:42,1,1,1
BRDA:45,2,0,1
BRDA:45,2,1,2
BRDA:48,3,0,0
BRDA:48,3,1,3
BRDA:51,4,0,0
BRDA:51,4,1,3
BRDA:54,5,0,0
BRDA:54,5,1,3
BRDA:57,6,0,0
BRDA:57,6,1,3
BRDA:62,7,0,2
BRDA:62,7,1,1
BRF:16
BRH:11
end_of_record
TN:
SF:src-electron/services/chat/converters/OpenAIConverter.ts
FN:28,(anonymous_0)
FN:33,(anonymous_1)
FN:47,(anonymous_2)
FN:61,(anonymous_3)
FN:65,(anonymous_4)
FN:75,(anonymous_5)
FN:81,(anonymous_6)
FNF:7
FNH:6
FNDA:0,(anonymous_0)
FNDA:50,(anonymous_1)
FNDA:50,(anonymous_2)
FNDA:50,(anonymous_3)
FNDA:7,(anonymous_4)
FNDA:50,(anonymous_5)
FNDA:2,(anonymous_6)
DA:35,9
DA:37,9
DA:38,1
DA:39,8
DA:40,1
DA:43,7
DA:50,12
DA:51,12
DA:52,0
DA:55,12
DA:62,8
DA:63,8
DA:65,7
DA:69,8
DA:76,4
DA:77,4
DA:79,4
DA:81,2
DA:87,4
DA:88,2
DA:90,4
DA:91,2
DA:93,4
DA:94,1
DA:96,4
DA:97,1
DA:99,4
DA:100,1
DA:102,4
DA:103,1
DA:106,4
LF:31
LH:30
BRDA:37,0,0,1
BRDA:37,0,1,8
BRDA:39,1,0,1
BRDA:39,1,1,7
BRDA:51,2,0,0
BRDA:51,2,1,12
BRDA:51,3,0,12
BRDA:51,3,1,0
BRDA:67,4,0,0
BRDA:67,4,1,8
BRDA:76,5,0,4
BRDA:76,5,1,0
BRDA:83,6,0,0
BRDA:83,6,1,4
BRDA:87,7,0,2
BRDA:87,7,1,2
BRDA:90,8,0,2
BRDA:90,8,1,2
BRDA:93,9,0,1
BRDA:93,9,1,3
BRDA:96,10,0,1
BRDA:96,10,1,3
BRDA:99,11,0,1
BRDA:99,11,1,3
BRDA:102,12,0,1
BRDA:102,12,1,3
BRF:26
BRH:21
end_of_record
TN:
SF:src-electron/services/chat/converters/PerplexityAIConverter.ts
FN:16,(anonymous_0)
FN:18,(anonymous_1)
FN:30,(anonymous_2)
FN:33,(anonymous_3)
FN:38,(anonymous_4)
FN:42,(anonymous_5)
FNF:6
FNH:4
FNDA:0,(anonymous_0)
FNDA:45,(anonymous_1)
FNDA:45,(anonymous_2)
FNDA:7,(anonymous_3)
FNDA:45,(anonymous_4)
FNDA:0,(anonymous_5)
DA:19,7
DA:21,7
DA:22,1
DA:23,6
DA:24,2
DA:27,4
DA:31,4
DA:33,7
DA:39,0
DA:40,0
DA:42,0
DA:46,0
DA:47,0
DA:49,0
DA:50,0
DA:52,0
DA:53,0
DA:55,0
DA:56,0
DA:58,0
DA:59,0
DA:61,0
DA:62,0
DA:65,0
LF:24
LH:8
BRDA:21,0,0,1
BRDA:21,0,1,6
BRDA:23,1,0,2
BRDA:23,1,1,4
BRDA:39,2,0,0
BRDA:39,2,1,0
BRDA:46,3,0,0
BRDA:46,3,1,0
BRDA:49,4,0,0
BRDA:49,4,1,0
BRDA:52,5,0,0
BRDA:52,5,1,0
BRDA:55,6,0,0
BRDA:55,6,1,0
BRDA:58,7,0,0
BRDA:58,7,1,0
BRDA:61,8,0,0
BRDA:61,8,1,0
BRF:18
BRH:4
end_of_record
TN:
SF:src-electron/services/chat/factories/ChatProviderFactory.ts
FN:10,(anonymous_0)
FN:35,(anonymous_1)
FN:40,(anonymous_2)
FNF:3
FNH:2
FNDA:43,(anonymous_0)
FNDA:0,(anonymous_1)
FNDA:43,(anonymous_2)
DA:10,43
DA:11,43
DA:12,43
DA:13,43
DA:14,43
DA:16,43
DA:17,43
DA:41,10
DA:43,6
DA:47,2
DA:48,1
DA:50,1
DA:53,0
DA:54,0
DA:56,0
DA:59,1
DA:60,0
DA:62,1
DA:65,1
LF:19
LH:15
BRDA:10,0,0,43
BRDA:10,0,1,43
BRDA:41,1,0,6
BRDA:41,1,1,2
BRDA:41,1,2,0
BRDA:41,1,3,1
BRDA:41,1,4,1
BRDA:47,2,0,1
BRDA:47,2,1,1
BRDA:53,3,0,0
BRDA:53,3,1,0
BRDA:59,4,0,0
BRDA:59,4,1,1
BRF:13
BRH:9
end_of_record
TN:
SF:src-electron/services/chat/interfaces/ChatMessage.ts
FN:52,makeChatMessage
FN:56,isChatMessage
FNF:2
FNH:2
FNDA:1,makeChatMessage
FNDA:3,isChatMessage
DA:53,1
DA:58,3
DA:59,2
DA:60,2
LF:4
LH:4
BRDA:58,0,0,1
BRDA:58,0,1,2
BRDA:58,1,0,3
BRDA:58,1,1,3
BRDA:60,2,0,2
BRDA:60,2,1,2
BRF:6
BRH:6
end_of_record
TN:
SF:src-electron/services/chat/interfaces/IChatProvider.ts
FN:49,isIChatProvider
FN:60,makeMockProvider
FN:62,(anonymous_2)
FN:68,(anonymous_3)
FN:77,(anonymous_4)
FNF:5
FNH:4
FNDA:3,isIChatProvider
FNDA:2,makeMockProvider
FNDA:1,(anonymous_2)
FNDA:1,(anonymous_3)
FNDA:0,(anonymous_4)
DA:51,3
DA:52,2
DA:53,2
DA:61,2
DA:63,1
DA:64,2
DA:66,1
DA:72,1
DA:73,2
DA:75,1
DA:78,0
LF:11
LH:10
BRDA:51,0,0,1
BRDA:51,0,1,2
BRDA:54,1,0,2
BRDA:54,1,1,1
BRDA:54,1,2,1
BRDA:60,2,0,2
BRDA:63,3,0,1
BRDA:63,3,1,0
BRDA:72,4,0,1
BRDA:72,4,1,0
BRF:10
BRH:8
end_of_record
TN:
SF:src-electron/services/chat/providers/ClaudeChatProvider.ts
FN:43,(anonymous_0)
FN:60,(anonymous_1)
FN:80,(anonymous_2)
FN:99,(anonymous_3)
FN:100,(anonymous_4)
FN:117,(anonymous_5)
FN:124,(anonymous_6)
FN:156,(anonymous_7)
FN:157,(anonymous_8)
FN:167,(anonymous_9)
FN:168,(anonymous_10)
FN:174,(anonymous_11)
FN:176,(anonymous_12)
FN:177,(anonymous_13)
FN:184,(anonymous_14)
FN:188,(anonymous_15)
FN:205,(anonymous_16)
FN:283,(anonymous_17)
FN:300,(anonymous_18)
FN:313,(anonymous_19)
FN:346,(anonymous_20)
FN:374,(anonymous_21)
FN:395,(anonymous_22)
FN:396,(anonymous_23)
FNF:24
FNH:9
FNDA:6,(anonymous_0)
FNDA:4,(anonymous_1)
FNDA:3,(anonymous_2)
FNDA:2,(anonymous_3)
FNDA:2,(anonymous_4)
FNDA:0,(anonymous_5)
FNDA:0,(anonymous_6)
FNDA:0,(anonymous_7)
FNDA:0,(anonymous_8)
FNDA:0,(anonymous_9)
FNDA:0,(anonymous_10)
FNDA:0,(anonymous_11)
FNDA:0,(anonymous_12)
FNDA:0,(anonymous_13)
FNDA:0,(anonymous_14)
FNDA:0,(anonymous_15)
FNDA:0,(anonymous_16)
FNDA:0,(anonymous_17)
FNDA:0,(anonymous_18)
FNDA:0,(anonymous_19)
FNDA:2,(anonymous_20)
FNDA:1,(anonymous_21)
FNDA:2,(anonymous_22)
FNDA:2,(anonymous_23)
DA:41,49
DA:44,6
DA:49,6
DA:50,4
DA:52,6
DA:54,6
DA:64,4
DA:65,4
DA:66,4
DA:68,4
DA:69,4
DA:70,4
DA:72,2
DA:81,3
DA:82,3
DA:85,2
DA:86,2
DA:87,2
DA:90,2
DA:97,2
DA:98,2
DA:99,2
DA:100,2
DA:103,2
DA:104,2
DA:109,0
DA:110,0
DA:118,0
DA:130,0
DA:131,0
DA:132,0
DA:135,0
DA:136,0
DA:137,0
DA:138,0
DA:141,0
DA:142,0
DA:143,0
DA:145,0
DA:146,0
DA:148,0
DA:149,0
DA:157,0
DA:168,0
DA:175,0
DA:176,0
DA:177,0
DA:188,0
DA:189,0
DA:190,0
DA:212,0
DA:213,0
DA:215,0
DA:218,0
DA:219,0
DA:227,0
DA:236,0
DA:237,0
DA:241,0
DA:244,0
DA:245,0
DA:249,0
DA:250,0
DA:251,0
DA:256,0
DA:257,0
DA:261,0
DA:264,0
DA:277,0
DA:290,0
DA:291,0
DA:301,0
DA:302,0
DA:306,0
DA:307,0
DA:320,0
DA:321,0
DA:330,0
DA:333,0
DA:334,0
DA:335,0
DA:336,0
DA:340,0
DA:350,2
DA:351,2
DA:355,2
DA:357,2
DA:358,2
DA:359,2
DA:362,1
DA:375,1
DA:376,1
DA:379,1
DA:380,1
DA:383,1
DA:393,1
DA:394,1
DA:395,2
DA:396,2
DA:399,1
DA:400,1
DA:405,0
DA:406,0
LF:103
LH:43
BRDA:49,0,0,4
BRDA:49,0,1,2
BRDA:52,1,0,6
BRDA:52,1,1,0
BRDA:64,2,0,4
BRDA:64,2,1,0
BRDA:70,3,0,2
BRDA:70,3,1,2
BRDA:78,4,0,2
BRDA:78,4,1,0
BRDA:81,5,0,3
BRDA:81,5,1,0
BRDA:94,6,0,2
BRDA:94,6,1,0
BRDA:97,7,0,2
BRDA:97,7,1,0
BRDA:97,8,0,2
BRDA:97,8,1,2
BRDA:99,9,0,2
BRDA:99,9,1,2
BRDA:103,10,0,2
BRDA:103,10,1,0
BRDA:130,11,0,0
BRDA:130,11,1,0
BRDA:135,12,0,0
BRDA:135,12,1,0
BRDA:141,13,0,0
BRDA:141,13,1,0
BRDA:194,14,0,0
BRDA:194,14,1,0
BRDA:195,15,0,0
BRDA:195,15,1,0
BRDA:196,16,0,0
BRDA:196,16,1,0
BRDA:218,17,0,0
BRDA:218,17,1,0
BRDA:236,18,0,0
BRDA:236,18,1,0
BRDA:236,19,0,0
BRDA:236,19,1,0
BRDA:244,20,0,0
BRDA:244,20,1,0
BRDA:301,21,0,0
BRDA:301,21,1,0
BRDA:333,22,0,0
BRDA:333,22,1,0
BRDA:333,23,0,0
BRDA:333,23,1,0
BRDA:335,24,0,0
BRDA:335,24,1,0
BRDA:350,25,0,2
BRDA:350,25,1,0
BRDA:359,26,0,1
BRDA:359,26,1,1
BRDA:368,27,0,1
BRDA:368,27,1,1
BRDA:372,28,0,1
BRDA:372,28,1,0
BRDA:375,29,0,1
BRDA:375,29,1,0
BRDA:387,30,0,1
BRDA:387,30,1,1
BRDA:390,31,0,1
BRDA:390,31,1,0
BRDA:393,32,0,1
BRDA:393,32,1,0
BRDA:393,33,0,1
BRDA:393,33,1,1
BRDA:395,34,0,2
BRDA:395,34,1,2
BRDA:399,35,0,1
BRDA:399,35,1,0
BRF:72
BRH:31
end_of_record
TN:
SF:src-electron/services/chat/providers/OllamaChatProvider.ts
FN:20,(anonymous_0)
FN:41,(anonymous_1)
FN:57,(anonymous_2)
FN:73,(anonymous_3)
FN:77,(anonymous_4)
FN:108,(anonymous_5)
FN:134,(anonymous_6)
FN:161,(anonymous_7)
FN:170,(anonymous_8)
FN:177,(anonymous_9)
FN:235,(anonymous_10)
FN:237,(anonymous_11)
FN:255,(anonymous_12)
FN:273,(anonymous_13)
FNF:14
FNH:13
FNDA:12,(anonymous_0)
FNDA:6,(anonymous_1)
FNDA:3,(anonymous_2)
FNDA:1,(anonymous_3)
FNDA:1,(anonymous_4)
FNDA:9,(anonymous_5)
FNDA:5,(anonymous_6)
FNDA:4,(anonymous_7)
FNDA:1,(anonymous_8)
FNDA:1,(anonymous_9)
FNDA:1,(anonymous_10)
FNDA:1,(anonymous_11)
FNDA:1,(anonymous_12)
FNDA:0,(anonymous_13)
DA:17,12
DA:18,45
DA:21,12
DA:25,12
DA:26,12
DA:31,12
DA:32,12
DA:33,12
DA:45,6
DA:46,6
DA:48,6
DA:49,6
DA:51,6
DA:61,3
DA:62,3
DA:64,3
DA:65,3
DA:70,3
DA:74,1
DA:83,1
DA:84,0
DA:85,0
DA:88,1
DA:89,0
DA:90,0
DA:93,1
DA:94,0
DA:95,0
DA:96,0
DA:99,1
DA:100,1
DA:102,1
DA:103,1
DA:104,1
DA:112,9
DA:113,5
DA:117,5
DA:118,5
DA:119,5
DA:122,4
DA:126,4
DA:127,4
DA:131,4
DA:138,5
DA:139,7
DA:141,7
DA:142,0
DA:143,0
DA:146,7
DA:147,7
DA:148,0
DA:152,0
DA:155,7
DA:156,7
DA:165,4
DA:166,4
DA:174,1
DA:183,1
DA:184,1
DA:188,1
DA:194,1
DA:195,1
DA:196,0
DA:198,1
DA:199,0
DA:202,0
DA:204,0
DA:205,0
DA:210,0
DA:212,0
DA:218,0
DA:223,0
DA:226,0
DA:227,0
DA:229,0
DA:232,0
DA:236,1
DA:239,1
DA:242,1
DA:246,1
DA:259,1
DA:265,1
DA:266,1
DA:270,1
DA:276,0
DA:277,0
DA:278,0
DA:281,0
DA:282,0
DA:287,0
DA:293,0
DA:299,0
DA:302,0
LF:93
LH:60
BRDA:25,0,0,12
BRDA:25,0,1,0
BRDA:45,1,0,6
BRDA:45,1,1,0
BRDA:61,2,0,3
BRDA:61,2,1,0
BRDA:83,3,0,0
BRDA:83,3,1,1
BRDA:88,4,0,0
BRDA:88,4,1,1
BRDA:93,5,0,0
BRDA:93,5,1,1
BRDA:112,6,0,5
BRDA:112,6,1,4
BRDA:141,7,0,0
BRDA:141,7,1,7
BRDA:147,8,0,0
BRDA:147,8,1,7
BRDA:155,9,0,7
BRDA:155,9,1,0
BRDA:155,10,0,7
BRDA:155,10,1,7
BRDA:165,11,0,4
BRDA:165,11,1,0
BRDA:165,12,0,4
BRDA:165,12,1,4
BRDA:190,13,0,1
BRDA:190,13,1,0
BRDA:198,14,0,0
BRDA:198,14,1,1
BRDA:204,15,0,0
BRDA:204,15,1,0
BRDA:214,16,0,0
BRDA:214,16,1,0
BRDA:215,17,0,0
BRDA:215,17,1,0
BRDA:226,18,0,0
BRDA:226,18,1,0
BRDA:239,19,0,0
BRDA:239,19,1,1
BRDA:239,20,0,1
BRDA:239,20,1,1
BRDA:251,21,0,1
BRDA:251,21,1,0
BRDA:263,22,0,1
BRDA:263,22,1,0
BRDA:277,23,0,0
BRDA:277,23,1,0
BRDA:277,24,0,0
BRDA:277,24,1,0
BRDA:287,25,0,0
BRDA:287,25,1,0
BRDA:288,26,0,0
BRDA:288,26,1,0
BRDA:288,26,2,0
BRDA:288,26,3,0
BRF:56
BRH:23
end_of_record
TN:
SF:src-electron/services/chat/providers/OpenAIChatProvider.ts
FN:33,(anonymous_0)
FN:43,(anonymous_1)
FN:89,(anonymous_2)
FN:138,(anonymous_3)
FN:143,(anonymous_4)
FN:157,(anonymous_5)
FN:192,(anonymous_6)
FN:243,(anonymous_7)
FN:264,(anonymous_8)
FN:311,(anonymous_9)
FN:340,(anonymous_10)
FN:359,(anonymous_11)
FN:380,(anonymous_12)
FN:403,(anonymous_13)
FN:412,(anonymous_14)
FN:431,(anonymous_15)
FNF:16
FNH:16
FNDA:10,(anonymous_0)
FNDA:4,(anonymous_1)
FNDA:2,(anonymous_2)
FNDA:4,(anonymous_3)
FNDA:2,(anonymous_4)
FNDA:2,(anonymous_5)
FNDA:4,(anonymous_6)
FNDA:4,(anonymous_7)
FNDA:2,(anonymous_8)
FNDA:2,(anonymous_9)
FNDA:3,(anonymous_10)
FNDA:2,(anonymous_11)
FNDA:2,(anonymous_12)
FNDA:3,(anonymous_13)
FNDA:3,(anonymous_14)
FNDA:2,(anonymous_15)
DA:34,10
DA:35,10
DA:37,10
DA:47,4
DA:48,4
DA:50,4
DA:51,4
DA:53,4
DA:54,2
DA:61,2
DA:63,2
DA:64,5
DA:65,5
DA:66,4
DA:70,2
DA:77,2
DA:79,2
DA:80,2
DA:81,2
DA:93,2
DA:94,2
DA:99,2
DA:100,2
DA:101,2
DA:103,2
DA:104,1
DA:112,1
DA:114,1
DA:115,1
DA:116,1
DA:117,1
DA:121,1
DA:129,1
DA:131,1
DA:132,1
DA:133,1
DA:139,4
DA:140,4
DA:149,2
DA:151,2
DA:152,0
DA:153,0
DA:156,2
DA:157,2
DA:162,2
DA:163,2
DA:164,2
DA:165,2
DA:166,2
DA:168,2
DA:169,4
DA:182,4
DA:183,2
DA:186,2
DA:189,0
DA:208,4
DA:219,4
DA:220,1
DA:223,3
DA:224,3
DA:225,1
DA:228,2
DA:234,4
DA:235,2
DA:257,4
DA:258,2
DA:261,2
DA:277,2
DA:285,2
DA:287,2
DA:288,3
DA:289,3
DA:290,3
DA:293,2
DA:294,1
DA:297,1
DA:324,2
DA:332,2
DA:333,2
DA:334,1
DA:337,2
DA:343,3
DA:344,3
DA:345,1
DA:348,2
DA:349,3
DA:350,0
DA:353,2
DA:360,2
DA:361,0
DA:364,2
DA:365,2
DA:366,2
DA:367,2
DA:370,0
DA:372,0
DA:376,0
DA:386,2
DA:387,2
DA:388,0
DA:390,2
DA:391,2
DA:394,2
DA:400,2
DA:407,3
DA:408,1
DA:416,3
DA:417,1
DA:420,2
DA:421,3
DA:422,1
DA:424,2
DA:425,2
DA:428,2
DA:435,2
DA:437,2
DA:438,1
DA:440,2
DA:441,1
DA:443,2
DA:444,0
DA:446,2
DA:447,0
DA:449,2
DA:450,0
DA:452,2
DA:453,0
DA:456,2
LF:128
LH:115
BRDA:35,0,0,10
BRDA:35,0,1,1
BRDA:47,1,0,4
BRDA:47,1,1,1
BRDA:53,2,0,2
BRDA:53,2,1,2
BRDA:58,3,0,2
BRDA:58,3,1,0
BRDA:64,4,0,5
BRDA:64,4,1,1
BRDA:65,5,0,4
BRDA:65,5,1,1
BRDA:65,6,0,5
BRDA:65,6,1,4
BRDA:74,7,0,2
BRDA:74,7,1,0
BRDA:79,8,0,2
[...]
BRDA:211,22,1,0
BRDA:211,23,0,1
BRDA:211,23,1,1
BRDA:223,24,0,1
BRDA:223,24,1,0
BRDA:235,25,0,2
BRDA:235,25,1,0
BRDA:252,26,0,1
BRDA:252,26,1,1
BRDA:252,27,0,2
BRDA:252,27,1,1
BRDA:262,28,0,1
BRDA:262,28,1,0
BRDA:263,29,0,1
BRDA:263,29,1,1
BRDA:263,29,2,1
BRDA:263,29,3,1
BRF:62
BRH:38
end_of_record
TN:
SF:src-electron/utils/logger.ts
FN:16,(anonymous_0)
FN:42,createScopedLogger
FN:49,(anonymous_2)
FN:51,(anonymous_3)
FN:53,(anonymous_4)
FN:55,(anonymous_5)
FN:64,logStructured
FN:91,logPerformance
FN:97,(anonymous_8)
FN:111,logError
FNF:10
FNH:10
FNDA:1,(anonymous_0)
FNDA:2,createScopedLogger
FNDA:2,(anonymous_2)
FNDA:1,(anonymous_3)
FNDA:1,(anonymous_4)
FNDA:1,(anonymous_5)
FNDA:7,logStructured
FNDA:2,logPerformance
FNDA:2,(anonymous_8)
FNDA:2,logError
DA:16,5
DA:17,1
DA:21,5
DA:22,5
DA:23,5
DA:26,5
DA:30,5
DA:31,5
DA:34,5
DA:35,5
DA:36,5
DA:48,2
DA:50,2
DA:52,1
DA:54,1
DA:56,1
DA:69,7
DA:71,7
DA:73,1
DA:74,1
DA:76,2
DA:77,2
DA:79,1
DA:80,1
DA:82,3
DA:83,3
DA:94,2
DA:96,2
DA:98,2
DA:99,2
DA:112,2
LF:31
LH:31
BRDA:17,0,0,1
BRDA:17,0,1,0
BRDA:23,1,0,0
BRDA:23,1,1,5
BRDA:69,2,0,4
BRDA:69,2,1,3
BRDA:71,3,0,1
BRDA:71,3,1,2
BRDA:71,3,2,1
BRDA:71,3,3,3
BRF:10
BRH:8
end_of_record
TN:
SF:src/lib/constants/app.constant.ts
FNF:0
FNH:0
DA:1,52
DA:3,52
DA:8,52
LF:3
LH:3
BRF:0
BRH:0
end_of_record
TN:
SF:src/lib/constants/route.constant.ts
FNF:0
FNH:0
DA:1,4
LF:1
LH:1
BRF:0
BRH:0
end_of_record
TN:
SF:src/lib/constants/sidebar.constant.ts
FNF:0
FNH:0
DA:1,3
LF:1
LH:1
BRF:0
BRH:0
end_of_record
TN:
SF:src/lib/constants/status.constant.ts
FNF:0
FNH:0
DA:1,0
DA:7,0
LF:2
LH:0
BRF:0
BRH:0
end_of_record
TN:
SF:src/lib/router/routes.ts
FNF:0
FNH:0
DA:14,0
LF:1
LH:0
BRF:0
BRH:0
end_of_record
TN:
SF:src/lib/services/electron.service.ts
FN:6,(anonymous_0)
FN:14,(anonymous_1)
FN:18,(anonymous_2)
FN:24,(anonymous_3)
FN:27,(anonymous_4)
FN:30,(anonymous_5)
FNF:6
FNH:6
FNDA:12,(anonymous_0)
FNDA:3,(anonymous_1)
FNDA:2,(anonymous_2)
FNDA:2,(anonymous_3)
FNDA:2,(anonymous_4)
FNDA:2,(anonymous_5)
DA:7,12
DA:8,2
DA:10,10
DA:15,3
DA:19,2
DA:23,2
DA:25,2
DA:28,2
DA:31,2
DA:36,2
LF:10
LH:10
BRDA:7,0,0,2
BRDA:7,0,1,10
BRF:2
BRH:2
end_of_record
TN:
SF:src/lib/services/menu-navigation.service.ts
FN:8,(anonymous_0)
FN:12,(anonymous_1)
FN:17,(anonymous_2)
FN:30,(anonymous_3)
FN:39,(anonymous_4)
FN:45,(anonymous_5)
FN:51,(anonymous_6)
FN:57,(anonymous_7)
FN:63,(anonymous_8)
FN:74,(anonymous_9)
FN:101,(anonymous_10)
FNF:11
FNH:10
FNDA:3,(anonymous_0)
FNDA:3,(anonymous_1)
FNDA:3,(anonymous_2)
FNDA:1,(anonymous_3)
FNDA:0,(anonymous_4)
FNDA:1,(anonymous_5)
FNDA:1,(anonymous_6)
FNDA:1,(anonymous_7)
FNDA:1,(anonymous_8)
FNDA:5,(anonymous_9)
FNDA:2,(anonymous_10)
DA:5,3
DA:6,3
DA:9,3
DA:13,3
DA:14,3
DA:18,3
DA:21,3
DA:22,1
DA:25,2
DA:27,2
DA:34,1
DA:40,0
DA:46,1
DA:52,1
DA:58,1
DA:64,1
DA:69,2
DA:70,12
DA:76,5
DA:81,5
DA:84,5
DA:85,5
DA:86,5
DA:87,5
DA:92,0
DA:93,0
DA:94,0
DA:97,0
DA:102,2
DA:103,12
DA:105,2
DA:109,3
LF:32
LH:27
BRDA:21,0,0,1
BRDA:21,0,1,2
BRDA:21,1,0,3
BRDA:21,1,1,3
BRDA:76,2,0,2
BRDA:76,2,1,3
BRDA:76,3,0,5
BRDA:76,3,1,2
BRDA:76,3,2,2
BRDA:84,4,0,5
BRDA:84,4,1,0
BRDA:85,5,0,5
BRDA:85,5,1,0
BRDA:93,6,0,0
BRDA:93,6,1,0
BRF:15
BRH:11
end_of_record
TN:
SF:src/lib/services/message-transmitter.service.ts
FN:26,(anonymous_0)
FN:33,(anonymous_1)
FN:40,(anonymous_2)
FN:48,(anonymous_3)
FN:49,(anonymous_4)
FN:50,(anonymous_5)
FN:85,(anonymous_6)
FN:96,(anonymous_7)
FN:119,(anonymous_8)
FN:143,(anonymous_9)
FN:189,(anonymous_10)
FN:210,(anonymous_11)
FN:248,(anonymous_12)
FNF:13
FNH:0
FNDA:0,(anonymous_0)
FNDA:0,(anonymous_1)
FNDA:0,(anonymous_2)
FNDA:0,(anonymous_3)
FNDA:0,(anonymous_4)
FNDA:0,(anonymous_5)
FNDA:0,(anonymous_6)
FNDA:0,(anonymous_7)
FNDA:0,(anonymous_8)
FNDA:0,(anonymous_9)
FNDA:0,(anonymous_10)
FNDA:0,(anonymous_11)
FNDA:0,(anonymous_12)
DA:27,0
DA:34,0
DA:41,0
DA:42,0
DA:49,0
DA:50,0
DA:53,0
DA:54,0
DA:61,0
DA:63,0
DA:64,0
DA:65,0
DA:66,0
DA:68,0
DA:71,0
DA:72,0
DA:73,0
DA:76,0
DA:77,0
DA:78,0
DA:85,0
DA:86,0
DA:89,0
DA:97,0
DA:98,0
DA:102,0
DA:112,0
DA:113,0
DA:122,0
DA:125,0
DA:126,0
DA:130,0
DA:131,0
DA:135,0
DA:136,0
DA:150,0
DA:152,0
DA:154,0
DA:161,0
DA:169,0
DA:172,0
DA:180,0
DA:189,0
DA:199,0
DA:201,0
DA:202,0
DA:225,0
DA:226,0
DA:229,0
DA:230,0
DA:231,0
DA:233,0
DA:235,0
DA:237,0
DA:238,0
DA:239,0
DA:241,0
DA:247,0
DA:248,0
DA:252,0
DA:253,0
DA:254,0
DA:261,0
DA:271,0
DA:276,0
DA:277,0
LF:66
LH:0
BRDA:63,0,0,0
BRDA:63,0,1,0
BRDA:71,1,0,0
BRDA:71,1,1,0
BRDA:76,2,0,0
BRDA:76,2,1,0
BRDA:77,3,0,0
BRDA:77,3,1,0
BRDA:98,4,0,0
BRDA:98,4,1,0
BRDA:122,5,0,0
BRDA:122,5,1,0
BRDA:122,5,2,0
BRDA:125,6,0,0
BRDA:125,6,1,0
BRDA:125,7,0,0
BRDA:125,7,1,0
BRDA:130,8,0,0
BRDA:130,8,1,0
BRDA:135,9,0,0
BRDA:135,9,1,0
BRDA:135,10,0,0
BRDA:135,10,1,0
BRDA:150,11,0,0
BRDA:150,11,1,0
BRDA:150,11,2,0
BRDA:152,12,0,0
BRDA:152,12,1,0
BRDA:152,13,0,0
BRDA:152,13,1,0
BRDA:162,14,0,0
BRDA:162,14,1,0
BRDA:165,15,0,0
BRDA:165,15,1,0
BRDA:166,16,0,0
BRDA:166,16,1,0
BRDA:176,17,0,0
BRDA:176,17,1,0
BRDA:176,18,0,0
BRDA:176,18,1,0
BRDA:201,19,0,0
BRDA:201,19,1,0
BRDA:225,20,0,0
BRDA:225,20,1,0
BRDA:230,21,0,0
BRDA:230,21,1,0
BRDA:235,22,0,0
BRDA:235,22,1,0
BRDA:252,23,0,0
BRDA:252,23,1,0
BRDA:262,24,0,0
BRDA:262,24,1,0
BRDA:265,25,0,0
BRDA:265,25,1,0
BRDA:268,26,0,0
BRDA:268,26,1,0
BRF:56
BRH:0
end_of_record
TN:
SF:src/lib/services/network.service.ts
FN:6,(anonymous_0)
FN:13,(anonymous_1)
FN:17,(anonymous_2)
FN:21,(anonymous_3)
FN:22,(anonymous_4)
FN:25,(anonymous_5)
FN:26,(anonymous_6)
FN:29,(anonymous_7)
FN:33,(anonymous_8)
FNF:9
FNH:8
FNDA:1,(anonymous_0)
FNDA:1,(anonymous_1)
FNDA:1,(anonymous_2)
FNDA:1,(anonymous_3)
FNDA:2,(anonymous_4)
FNDA:1,(anonymous_5)
FNDA:2,(anonymous_6)
FNDA:2,(anonymous_7)
FNDA:0,(anonymous_8)
DA:4,1
DA:7,1
DA:8,1
DA:9,1
DA:13,1
DA:14,1
DA:17,1
DA:18,1
DA:22,2
DA:26,2
DA:30,2
DA:34,0
DA:35,0
DA:36,0
DA:41,1
LF:15
LH:12
BRDA:7,0,0,1
BRDA:7,0,1,0
BRDA:34,1,0,0
BRDA:34,1,1,0
BRF:4
BRH:1
end_of_record
TN:
SF:src/lib/services/outbox.service.ts
FN:28,(anonymous_0)
FN:29,(anonymous_1)
FN:32,(anonymous_2)
FN:33,(anonymous_3)
FN:39,(anonymous_4)
FN:48,(anonymous_5)
FN:55,(anonymous_6)
FN:57,(anonymous_7)
FN:58,(anonymous_8)
FN:62,(anonymous_9)
FN:66,(anonymous_10)
FN:82,(anonymous_11)
FN:84,(anonymous_12)
FN:85,(anonymous_13)
FN:90,(anonymous_14)
FN:96,(anonymous_15)
FN:111,(anonymous_16)
FN:113,(anonymous_17)
FN:114,(anonymous_18)
FN:118,(anonymous_19)
FN:124,(anonymous_20)
FN:132,(anonymous_21)
FN:145,(anonymous_22)
FN:157,(anonymous_23)
FN:165,(anonymous_24)
FN:167,(anonymous_25)
FN:178,(anonymous_26)
FN:180,(anonymous_27)
FN:186,(anonymous_28)
FN:192,(anonymous_29)
FN:198,(anonymous_30)
FN:200,(anonymous_31)
FN:201,(anonymous_32)
FN:208,(anonymous_33)
FN:212,(anonymous_34)
FN:216,(anonymous_35)
FNF:36
FNH:26
FNDA:7,(anonymous_0)
FNDA:7,(anonymous_1)
FNDA:0,(anonymous_2)
FNDA:7,(anonymous_3)
FNDA:0,(anonymous_4)
FNDA:7,(anonymous_5)
FNDA:7,(anonymous_6)
FNDA:7,(anonymous_7)
FNDA:0,(anonymous_8)
FNDA:0,(anonymous_9)
FNDA:8,(anonymous_10)
FNDA:8,(anonymous_11)
FNDA:8,(anonymous_12)
FNDA:0,(anonymous_13)
FNDA:8,(anonymous_14)
FNDA:1,(anonymous_15)
FNDA:1,(anonymous_16)
FNDA:1,(anonymous_17)
FNDA:0,(anonymous_18)
FNDA:1,(anonymous_19)
FNDA:5,(anonymous_20)
FNDA:5,(anonymous_21)
FNDA:1,(anonymous_22)
FNDA:1,(anonymous_23)
FNDA:2,(anonymous_24)
FNDA:2,(anonymous_25)
FNDA:5,(anonymous_26)
FNDA:5,(anonymous_27)
FNDA:15,(anonymous_28)
FNDA:0,(anonymous_29)
FNDA:15,(anonymous_30)
FNDA:15,(anonymous_31)
FNDA:0,(anonymous_32)
FNDA:0,(anonymous_33)
FNDA:0,(anonymous_34)
FNDA:4,(anonymous_35)
DA:14,1
DA:15,1
DA:16,1
DA:17,1
DA:18,1
DA:19,1
DA:22,1
DA:23,1
DA:26,1
DA:29,7
DA:30,7
DA:32,7
DA:33,7
DA:34,7
DA:35,7
DA:36,7
DA:39,7
DA:40,0
DA:41,0
DA:42,0
DA:49,7
DA:50,0
DA:53,7
DA:54,7
DA:55,7
DA:56,7
DA:57,7
DA:58,7
DA:61,7
DA:62,7
DA:63,7
DA:67,8
DA:68,0
DA:71,8
DA:79,8
DA:80,8
DA:81,8
DA:82,8
DA:83,8
DA:84,8
DA:85,8
DA:90,8
DA:91,8
DA:92,8
DA:97,1
DA:98,0
DA:102,1
DA:103,1
DA:104,0
DA:105,0
DA:109,1
DA:110,1
DA:111,1
DA:112,1
DA:113,1
DA:114,1
DA:118,1
DA:119,1
DA:120,1
DA:129,5
DA:130,0
DA:131,5
DA:132,5
DA:133,5
DA:134,5
DA:135,5
DA:136,5
DA:137,5
DA:138,5
DA:140,5
DA:151,1
DA:152,1
DA:153,0
DA:157,1
DA:158,1
DA:159,1
DA:162,1
DA:166,2
DA:167,2
DA:168,2
DA:169,2
DA:170,2
DA:172,0
DA:175,2
DA:180,5
DA:181,5
DA:183,5
DA:187,15
DA:188,0
DA:192,15
DA:193,15
DA:196,15
DA:197,15
DA:198,15
DA:199,15
DA:200,15
DA:201,15
DA:205,15
DA:209,0
DA:213,0
DA:217,4
DA:221,1
LF:102
LH:88
BRDA:32,0,0,0
BRDA:32,0,1,0
BRDA:41,1,0,0
BRDA:41,1,1,0
BRDA:49,2,0,0
BRDA:49,2,1,7
BRDA:57,3,0,7
BRDA:57,3,1,0
BRDA:58,4,0,0
BRDA:58,4,1,0
BRDA:67,5,0,0
BRDA:67,5,1,8
BRDA:79,6,0,8
BRDA:79,6,1,0
BRDA:85,7,0,0
BRDA:85,7,1,0
BRDA:97,8,0,0
BRDA:97,8,1,1
BRDA:103,9,0,0
BRDA:103,9,1,1
BRDA:114,10,0,0
BRDA:114,10,1,0
BRDA:129,11,0,0
BRDA:129,11,1,5
BRDA:131,12,0,5
BRDA:131,12,1,0
BRDA:134,13,0,5
BRDA:134,13,1,0
BRDA:148,14,0,1
BRDA:152,15,0,0
BRDA:152,15,1,1
BRDA:169,16,0,2
BRDA:169,16,1,0
BRDA:187,17,0,0
BRDA:187,17,1,15
BRDA:201,18,0,0
BRDA:201,18,1,0
BRF:37
BRH:13
end_of_record
TN:
SF:src/lib/services/project.service.ts
FN:10,(anonymous_0)
FN:14,(anonymous_1)
FN:19,(anonymous_2)
FN:21,(anonymous_3)
FN:27,(anonymous_4)
FN:33,(anonymous_5)
FN:39,(anonymous_6)
FN:41,(anonymous_7)
FN:47,(anonymous_8)
FN:53,(anonymous_9)
FN:58,(anonymous_10)
FN:63,(anonymous_11)
FN:68,(anonymous_12)
FN:70,(anonymous_13)
FN:75,(anonymous_14)
FN:77,(anonymous_15)
FN:82,(anonymous_16)
FN:84,(anonymous_17)
FN:90,(anonymous_18)
FNF:19
FNH:7
FNDA:1,(anonymous_0)
FNDA:1,(anonymous_1)
FNDA:1,(anonymous_2)
FNDA:0,(anonymous_3)
FNDA:0,(anonymous_4)
FNDA:0,(anonymous_5)
FNDA:2,(anonymous_6)
FNDA:2,(anonymous_7)
FNDA:0,(anonymous_8)
FNDA:0,(anonymous_9)
FNDA:0,(anonymous_10)
FNDA:0,(anonymous_11)
FNDA:0,(anonymous_12)
FNDA:0,(anonymous_13)
FNDA:0,(anonymous_14)
FNDA:0,(anonymous_15)
FNDA:1,(anonymous_16)
FNDA:1,(anonymous_17)
FNDA:0,(anonymous_18)
DA:7,1
DA:8,1
DA:11,1
DA:15,1
DA:16,1
DA:21,1
DA:22,0
DA:24,1
DA:27,1
DA:28,0
DA:30,1
DA:33,1
DA:34,0
DA:36,1
DA:40,2
DA:41,2
DA:44,1
DA:52,0
DA:53,0
DA:62,0
DA:63,0
DA:69,0
DA:70,0
DA:76,0
DA:77,0
DA:83,1
DA:84,1
DA:91,0
DA:92,0
DA:94,0
DA:98,1
LF:31
LH:17
BRDA:75,0,0,0
BRF:1
BRH:0
end_of_record
TN:
SF:src/lib/services/storage.service.ts
FN:22,(anonymous_0)
FN:53,(anonymous_1)
FN:63,(anonymous_2)
FN:73,(anonymous_3)
FN:75,(anonymous_4)
FN:79,(anonymous_5)
FN:83,(anonymous_6)
FN:87,(anonymous_7)
FN:89,(anonymous_8)
FN:93,(anonymous_9)
FN:97,(anonymous_10)
FN:101,(anonymous_11)
FN:103,(anonymous_12)
FN:112,(anonymous_13)
FN:116,(anonymous_14)
FN:120,(anonymous_15)
FN:124,(anonymous_16)
FN:126,(anonymous_17)
FN:138,(anonymous_18)
FN:146,(anonymous_19)
FN:148,(anonymous_20)
FN:169,(anonymous_21)
FN:178,(anonymous_22)
FN:180,(anonymous_23)
FN:195,(anonymous_24)
FNF:25
FNH:22
FNDA:59,(anonymous_0)
FNDA:42,(anonymous_1)
FNDA:4,(anonymous_2)
FNDA:10,(anonymous_3)
FNDA:1,(anonymous_4)
FNDA:6,(anonymous_5)
FNDA:2,(anonymous_6)
FNDA:6,(anonymous_7)
FNDA:1,(anonymous_8)
FNDA:3,(anonymous_9)
FNDA:2,(anonymous_10)
FNDA:7,(anonymous_11)
FNDA:1,(anonymous_12)
FNDA:6,(anonymous_13)
FNDA:4,(anonymous_14)
FNDA:1,(anonymous_15)
FNDA:0,(anonymous_16)
FNDA:0,(anonymous_17)
FNDA:0,(anonymous_18)
FNDA:15,(anonymous_19)
FNDA:1,(anonymous_20)
FNDA:9,(anonymous_21)
FNDA:17,(anonymous_22)
FNDA:1,(anonymous_23)
FNDA:14,(anonymous_24)
DA:12,3
DA:24,59
DA:25,59
DA:27,7
DA:28,7
DA:31,52
DA:32,9
DA:35,43
DA:36,43
DA:38,6
DA:39,6
DA:40,5
DA:41,5
DA:42,3
DA:43,3
DA:45,3
DA:48,3
DA:49,3
DA:54,42
DA:55,42
DA:56,42
DA:58,4
DA:59,4
DA:64,4
DA:65,4
DA:66,4
DA:68,2
DA:69,2
DA:74,10
DA:75,1
DA:80,6
DA:84,2
DA:88,6
DA:89,1
DA:94,3
DA:98,2
DA:102,7
DA:104,1
DA:105,1
DA:107,0
DA:113,6
DA:117,4
DA:121,1
DA:125,0
DA:127,0
DA:128,0
DA:130,0
DA:131,0
DA:133,0
DA:139,0
DA:147,15
DA:149,1
DA:150,1
DA:151,0
DA:153,1
DA:158,15
DA:159,2
DA:162,13
DA:171,9
DA:172,9
DA:179,17
DA:181,1
DA:182,0
DA:184,1
DA:185,0
DA:187,1
DA:196,14
DA:200,3
LF:68
LH:57
BRDA:31,0,0,9
BRDA:31,0,1,43
BRDA:31,1,0,52
BRDA:31,1,1,43
BRDA:31,1,2,43
BRDA:38,2,0,6
BRDA:38,2,1,1
BRDA:39,3,0,5
BRDA:39,3,1,1
BRDA:41,4,0,3
BRDA:41,4,1,2
BRDA:42,5,0,3
BRDA:42,5,1,0
BRDA:104,6,0,1
BRDA:104,6,1,0
BRDA:104,7,0,1
BRDA:104,7,1,0
BRDA:127,8,0,0
BRDA:127,8,1,0
BRDA:130,9,0,0
BRDA:130,9,1,0
BRDA:150,10,0,0
BRDA:150,10,1,1
BRDA:150,11,0,1
BRDA:150,11,1,0
BRDA:150,11,2,0
BRDA:158,12,0,2
BRDA:158,12,1,13
BRDA:158,13,0,15
BRDA:158,13,1,15
BRDA:158,13,2,14
BRDA:181,14,0,0
BRDA:181,14,1,1
BRDA:184,15,0,0
BRDA:184,15,1,1
BRF:35
BRH:23
end_of_record
TN:
SF:src/lib/services/theme.service.ts
FN:9,applyTheme
FN:13,(anonymous_1)
FN:28,persistTheme
FNF:3
FNH:3
FNDA:3,applyTheme
FNDA:3,(anonymous_1)
FNDA:2,persistTheme
DA:10,3
DA:11,3
DA:13,3
DA:14,3
DA:15,1
DA:17,2
DA:21,3
DA:22,3
DA:29,2
LF:9
LH:9
BRDA:14,0,0,1
BRDA:14,0,1,2
BRF:2
BRH:2
end_of_record
TN:
SF:src/lib/services/thread.service.ts
FN:7,(anonymous_0)
FN:11,(anonymous_1)
FN:13,(anonymous_2)
FN:17,(anonymous_3)
FN:21,(anonymous_4)
FN:26,(anonymous_5)
FN:35,(anonymous_6)
FN:39,(anonymous_7)
FN:43,(anonymous_8)
FN:47,(anonymous_9)
FN:51,(anonymous_10)
FN:55,(anonymous_11)
FN:63,(anonymous_12)
FN:118,(anonymous_13)
FN:135,(anonymous_14)
FN:156,(anonymous_15)
FN:170,(anonymous_16)
FN:185,(anonymous_17)
FN:198,(anonymous_18)
FNF:19
FNH:6
FNDA:2,(anonymous_0)
FNDA:2,(anonymous_1)
FNDA:0,(anonymous_2)
FNDA:0,(anonymous_3)
FNDA:0,(anonymous_4)
FNDA:3,(anonymous_5)
FNDA:2,(anonymous_6)
FNDA:2,(anonymous_7)
FNDA:2,(anonymous_8)
FNDA:0,(anonymous_9)
FNDA:0,(anonymous_10)
FNDA:0,(anonymous_11)
FNDA:0,(anonymous_12)
FNDA:0,(anonymous_13)
FNDA:0,(anonymous_14)
FNDA:0,(anonymous_15)
FNDA:0,(anonymous_16)
FNDA:0,(anonymous_17)
FNDA:0,(anonymous_18)
DA:8,2
DA:13,2
DA:14,0
DA:17,2
DA:18,0
DA:21,2
DA:22,0
DA:30,3
DA:31,3
DA:32,3
DA:36,2
DA:40,2
DA:44,2
DA:48,0
DA:52,0
DA:60,0
DA:84,0
DA:89,0
DA:90,0
DA:92,0
DA:93,0
DA:98,0
DA:104,0
DA:106,0
DA:107,0
DA:108,0
DA:110,0
DA:125,0
DA:130,0
DA:142,0
DA:147,0
DA:163,0
DA:165,0
DA:169,0
DA:170,0
DA:171,0
DA:175,0
DA:176,0
DA:182,0
DA:192,0
DA:193,0
DA:202,0
DA:203,0
DA:207,2
LF:44
LH:11
BRDA:89,0,0,0
BRDA:89,0,1,0
BRDA:89,1,0,0
BRDA:89,1,1,0
BRDA:93,2,0,0
BRDA:93,2,1,0
BRDA:94,3,0,0
BRDA:94,3,1,0
BRDA:94,3,2,0
BRDA:107,4,0,0
BRDA:107,4,1,0
BRDA:163,5,0,0
BRDA:163,5,1,0
BRDA:163,6,0,0
BRDA:163,6,1,0
BRDA:178,7,0,0
BRDA:178,7,1,0
BRF:17
BRH:0
end_of_record
TN:
SF:src/lib/stores/auth.store.ts
FN:11,createAuthStore
FN:20,(anonymous_1)
FN:21,(anonymous_2)
FN:27,(anonymous_3)
FN:30,(anonymous_4)
FN:41,(anonymous_5)
FN:42,(anonymous_6)
FNF:7
FNH:7
FNDA:1,createAuthStore
FNDA:2,(anonymous_1)
FNDA:2,(anonymous_2)
FNDA:5,(anonymous_3)
FNDA:1,(anonymous_4)
FNDA:4,(anonymous_5)
FNDA:4,(anonymous_6)
DA:12,1
DA:18,1
DA:21,2
DA:28,5
DA:31,1
DA:40,1
DA:41,4
DA:42,4
LF:8
LH:8
BRF:0
BRH:0
end_of_record
TN:
SF:src/lib/stores/navigation-guard.store.ts
FN:31,registerDiscardCallback
FN:33,(anonymous_1)
FN:38,setUnsavedChanges
FN:39,(anonymous_3)
FN:50,clearUnsavedChanges
FN:51,(anonymous_5)
FN:62,confirmNavigation
FNF:7
FNH:7
FNDA:5,registerDiscardCallback
FNDA:3,(anonymous_1)
FNDA:11,setUnsavedChanges
FNDA:11,(anonymous_3)
FNDA:13,clearUnsavedChanges
FNDA:13,(anonymous_5)
FNDA:7,confirmNavigation
DA:12,1
DA:14,1
DA:21,1
DA:23,1
DA:32,5
DA:33,5
DA:34,3
DA:39,11
DA:40,11
DA:41,1
DA:43,10
DA:44,10
DA:46,0
DA:51,13
DA:52,13
DA:53,8
DA:55,5
DA:56,5
DA:58,0
DA:63,7
DA:64,7
DA:65,1
DA:68,6
DA:71,6
DA:72,0
DA:76,6
DA:77,6
DA:79,2
DA:83,4
DA:84,4
DA:85,4
DA:86,4
DA:87,2
DA:91,4
DA:96,4
LF:35
LH:32
BRDA:40,0,0,1
BRDA:40,0,1,10
BRDA:40,1,0,11
BRDA:40,1,1,1
BRDA:43,2,0,10
BRDA:43,2,1,0
BRDA:52,3,0,8
BRDA:52,3,1,5
BRDA:55,4,0,5
BRDA:55,4,1,0
BRDA:55,5,0,5
BRDA:55,5,1,1
BRDA:64,6,0,1
BRDA:64,6,1,6
BRDA:71,7,0,0
BRDA:71,7,1,6
BRDA:77,8,0,2
BRDA:77,8,1,4
BRDA:84,9,0,4
BRDA:84,9,1,0
BRDA:86,10,0,2
BRDA:86,10,1,2
BRF:22
BRH:18
end_of_record
TN:
SF:src/lib/stores/project.store.ts
FN:13,createProjectStore
FN:18,(anonymous_1)
FN:19,(anonymous_2)
FN:20,(anonymous_3)
FN:23,(anonymous_4)
FN:32,(anonymous_5)
FN:33,(anonymous_6)
FN:33,(anonymous_7)
FN:35,(anonymous_8)
FN:36,(anonymous_9)
FN:36,(anonymous_10)
FNF:11
FNH:2
FNDA:1,createProjectStore
FNDA:4,(anonymous_1)
FNDA:0,(anonymous_2)
FNDA:0,(anonymous_3)
FNDA:0,(anonymous_4)
FNDA:0,(anonymous_5)
FNDA:0,(anonymous_6)
FNDA:0,(anonymous_7)
FNDA:0,(anonymous_8)
FNDA:0,(anonymous_9)
FNDA:0,(anonymous_10)
DA:14,1
DA:16,1
DA:18,4
DA:20,0
DA:21,0
DA:23,0
DA:25,0
DA:27,0
DA:28,0
DA:33,0
DA:36,0
DA:41,1
LF:12
LH:4
BRDA:25,0,0,0
BRDA:25,0,1,0
BRDA:27,1,0,0
BRDA:27,1,1,0
BRDA:33,2,0,0
BRDA:33,2,1,0
BRF:6
BRH:0
end_of_record
TN:
SF:src/lib/stores/thread.store.ts
FN:12,createThreadStore
FN:17,(anonymous_1)
FN:18,(anonymous_2)
FN:19,(anonymous_3)
FN:22,(anonymous_4)
FN:31,(anonymous_5)
FN:32,(anonymous_6)
FN:33,(anonymous_7)
FN:42,(anonymous_8)
FN:43,(anonymous_9)
FN:43,(anonymous_10)
FN:51,initThreadUpdateListener
FN:54,(anonymous_12)
FN:63,(anonymous_13)
FNF:14
FNH:10
FNDA:2,createThreadStore
FNDA:14,(anonymous_1)
FNDA:1,(anonymous_2)
FNDA:1,(anonymous_3)
FNDA:0,(anonymous_4)
FNDA:1,(anonymous_5)
FNDA:1,(anonymous_6)
FNDA:2,(anonymous_7)
FNDA:1,(anonymous_8)
FNDA:1,(anonymous_9)
FNDA:2,(anonymous_10)
FNDA:0,initThreadUpdateListener
FNDA:0,(anonymous_12)
FNDA:0,(anonymous_13)
DA:13,2
DA:15,2
DA:17,14
DA:19,1
DA:20,1
DA:22,1
DA:24,0
DA:26,0
DA:27,0
DA:32,1
DA:33,1
DA:34,2
DA:35,1
DA:37,1
DA:39,1
DA:43,2
DA:48,2
DA:52,0
DA:53,0
DA:54,0
DA:55,0
DA:58,0
DA:61,0
DA:63,0
LF:24
LH:14
BRDA:24,0,0,0
BRDA:24,0,1,0
BRDA:26,1,0,0
BRDA:26,1,1,0
BRDA:34,2,0,1
BRDA:34,2,1,1
BRDA:53,3,0,0
BRDA:53,3,1,0
BRF:8
BRH:2
end_of_record
TN:
SF:src/lib/stores/titleGeneration.store.ts
FN:31,createTitleGenerationStore
FN:41,(anonymous_1)
FN:48,(anonymous_2)
FN:49,(anonymous_3)
FN:59,(anonymous_4)
FN:60,(anonymous_5)
FN:74,(anonymous_6)
FN:76,(anonymous_7)
FN:77,(anonymous_8)
FN:91,(anonymous_9)
FN:108,(anonymous_10)
FN:108,(anonymous_11)
FN:117,(anonymous_12)
FN:117,(anonymous_13)
FN:124,initTitleGenerationListeners
FN:132,(anonymous_15)
FN:139,(anonymous_16)
FN:146,(anonymous_17)
FNF:18
FNH:0
FNDA:0,createTitleGenerationStore
FNDA:0,(anonymous_1)
FNDA:0,(anonymous_2)
FNDA:0,(anonymous_3)
FNDA:0,(anonymous_4)
FNDA:0,(anonymous_5)
FNDA:0,(anonymous_6)
FNDA:0,(anonymous_7)
FNDA:0,(anonymous_8)
FNDA:0,(anonymous_9)
FNDA:0,(anonymous_10)
FNDA:0,(anonymous_11)
FNDA:0,(anonymous_12)
FNDA:0,(anonymous_13)
FNDA:0,initTitleGenerationListeners
FNDA:0,(anonymous_15)
FNDA:0,(anonymous_16)
FNDA:0,(anonymous_17)
DA:32,0
DA:37,0
DA:40,0
DA:41,0
DA:42,0
DA:45,0
DA:49,0
DA:50,0
DA:51,0
DA:52,0
DA:60,0
DA:61,0
DA:62,0
DA:64,0
DA:65,0
DA:67,0
DA:74,0
DA:77,0
DA:78,0
DA:79,0
DA:81,0
DA:82,0
DA:84,0
DA:92,0
DA:100,0
DA:106,0
DA:108,0
DA:115,0
DA:117,0
DA:125,0
DA:126,0
DA:127,0
DA:131,0
DA:133,0
DA:138,0
DA:140,0
DA:145,0
DA:146,0
DA:147,0
DA:148,0
LF:40
LH:0
BRDA:125,0,0,0
BRDA:125,0,1,0
BRDA:145,1,0,0
BRDA:145,1,1,0
BRF:4
BRH:0
end_of_record
TN:
SF:src/lib/types/app.type.ts
FNF:0
FNH:0
DA:18,49
LF:1
LH:1
BRF:0
BRH:0
end_of_record
TN:
SF:src/lib/types/logger.type.ts
FN:8,getAvailableLogLevels
FNF:1
FNH:1
FNDA:1,getAvailableLogLevels
DA:6,1
DA:9,1
LF:2
LH:2
BRF:0
BRH:0
end_of_record
TN:
SF:src/lib/types/project.type.ts
FNF:0
FNH:0
LF:0
LH:0
BRF:0
BRH:0
end_of_record
TN:
SF:src/lib/types/route.type.ts
FN:8,getAvailableRoutes
FNF:1
FNH:1
FNDA:1,getAvailableRoutes
DA:6,1
DA:9,1
LF:2
LH:2
BRF:0
BRH:0
end_of_record
TN:
SF:src/lib/types/sidebar.type.ts
FN:21,createSidebarActivity
FNF:1
FNH:1
FNDA:1,createSidebarActivity
DA:15,1
DA:22,1
LF:2
LH:2
BRF:0
BRH:0
end_of_record
TN:
SF:src/lib/types/status.type.ts
FNF:0
FNH:0
LF:0
LH:0
BRF:0
BRH:0
end_of_record
TN:
SF:src/lib/types/thread.type.ts
FNF:0
FNH:0
LF:0
LH:0
BRF:0
BRH:0
end_of_record
TN:
SF:src/lib/utils/apiWrapper.ts
FN:22,(anonymous_0)
FN:26,wrapElectronCall
FN:57,wrapElectronCallWithFallback
FNF:3
FNH:3
FNDA:5,(anonymous_0)
FNDA:7,wrapElectronCall
FNDA:4,wrapElectronCallWithFallback
DA:22,2
DA:23,5
DA:31,7
DA:32,7
DA:33,7
DA:35,3
DA:36,3
DA:63,4
DA:64,4
DA:65,4
DA:67,3
DA:68,3
LF:12
LH:12
BRDA:31,0,0,7
BRDA:31,0,1,6
BRDA:36,1,0,3
BRDA:36,1,1,0
BRDA:63,2,0,4
BRDA:63,2,1,4
BRF:6
BRH:5
end_of_record
